9464
7 7
7 21
7 91
7 63
7 K3
7 49
7 JK
7 721
7 231
7 441
7 J41
7 651
7 K51
7 861
7 KJ1
7 2Q1
7 5K1
7 J13
7 133
7 343
7 763
7 273
7 483
7 J83
7 5T3
7 1J3
7 8J3
7 4Q3
7 217
7 427
7 637
7 147
7 357
7 T57
7 Q67
7 2T7
7 8Q7
7 819
7 Q39
7 679
7 K1J
7 82J
7 68J
7 19J
7 89J
7 1TJ
7 3KJ
7 11K
7 81K
7 32K
7 74K
7 18K
7 39K
7 3QK
21 7
21 91
21 K3
21 77
21 49
21 161
21 581
21 623
21 133
21 833
21 343
21 553
21 763
21 J83
21 8J3
21 7K3
21 427
21 J27
21 847
21 Q67
21 287
21 1Q7
21 JK7
21 259
21 959
21 469
21 K79
21 TQ9
21 KK9
21 54J
21 J7J
21 4JJ
21 81K
21 T2K
21 Q3K
21 18K
21 88K
21 39K
21 3QK
91 7
91 21
91 49
91 721
91 231
91 441
91 651
91 Q81
91 6J1
91 2Q1
91 9Q1
91 343
91 763
91 693
91 K93
91 5T3
91 4Q3
91 847
91 J97
91 JK7
91 T29
91 259
91 889
91 3Q9
91 61J
91 68J
91 T2K
91 74K
91 K7K
91 18K
42 7
42 91
42 49
42 5J
42 511
42 931
42 371
42 791
42 3T1
42 KJ1
42 5K1
42 623
42 T43
42 553
42 J83
42 4Q3
42 JQ3
42 917
42 J27
42 637
42 847
42 1Q7
42 JK7
42 329
42 259
42 469
42 J69
42 K1J
42 54J
42 26J
42 4JJ
42 TKJ
42 Q3K
42 46K
42 18K
42 6KK
J2 91
J2 63
J2 49
J2 5J
J2 JK
J2 511
J2 721
J2 231
J2 441
J2 J41
J2 Q81
J2 TT1
J2 9Q1
J2 J13
J2 973
J2 483
J2 J83
J2 QT3
J2 1J3
J2 8J3
J2 427
J2 637
J2 777
J2 987
J2 QJ7
J2 4K7
J2 JK7
J2 469
J2 679
J2 889
J2 399
J2 7J9
J2 TQ9
J2 6K9
J2 T3J
J2 Q4J
J2 26J
J2 1TJ
J2 11K
J2 81K
J2 T2K
J2 74K
J2 J6K
J2 4TK
63 77
63 49
63 QJ
63 4K
63 Q11
63 721
63 931
63 J41
63 9Q1
63 413
63 343
63 T43
63 763
63 K93
63 8J3
63 7K3
63 637
63 K37
63 287
63 5J7
63 JK7
63 959
63 469
63 K79
63 889
63 TQ9
63 12J
63 33J
63 26J
63 96J
63 K8J
63 81K
63 25K
63 46K
63 3QK
63 6KK
K3 7
K3 91
K3 49
K3 5J
K3 JK
K3 511
K3 J13
K3 553
K3 973
K3 483
K3 1J3
K3 217
K3 847
K3 357
K3 567
K3 Q67
K3 987
K3 2T7
K3 8Q7
K3 4K7
K3 T29
K3 259
K3 82J
K3 3KJ
K3 TKJ
K3 11K
K3 53K
K3 Q3K
K3 7JK
K3 KKK
14 77
14 J9
14 QJ
14 Q11
14 441
14 371
14 581
14 Q81
14 791
14 3T1
14 6J1
14 623
14 T43
14 273
14 483
14 693
14 JQ3
14 7K3
14 917
14 J27
14 567
14 777
14 987
14 5J7
14 QJ7
14 1Q7
14 119
14 T29
14 Q39
14 959
14 189
14 7J9
14 61J
14 12J
14 T3J
14 54J
14 J7J
14 K8J
14 8TJ
14 JJJ
14 7QJ
14 53K
14 74K
14 25K
14 67K
14 TQK
14 6KK
84 91
84 5J
84 511
84 J41
84 K51
84 791
84 KJ1
84 833
84 343
84 763
84 K93
84 QT3
84 7K3
84 Q67
84 287
84 497
84 749
84 259
84 J69
84 679
84 T99
84 4T9
84 6K9
84 K1J
84 33J
84 88K
84 T9K
35 21
35 63
35 4K
35 JK
35 161
35 T71
35 791
35 6J1
35 413
35 J13
35 833
35 273
35 693
35 1J3
35 147
35 357
35 567
35 QJ7
35 4K7
35 T29
35 539
35 Q39
35 749
35 4T9
35 61J
35 54J
35 19J
35 8TJ
35 JJJ
35 3KJ
35 11K
35 32K
35 74K
35 25K
35 J6K
T5 7
T5 77
T5 J9
T5 5J
T5 511
T5 K51
T5 371
T5 581
T5 KJ1
T5 9Q1
T5 973
T5 J83
T5 4Q3
T5 217
T5 917
T5 427
T5 637
T5 847
T5 T57
T5 2T7
T5 119
T5 539
T5 749
T5 959
T5 K79
T5 4T9
T5 TQ9
T5 K1J
T5 33J
T5 26J
T5 J7J
T5 89J
T5 1TJ
T5 4JJ
T5 TKJ
T5 46K
T5 67K
T5 39K
T5 TQK
56 63
56 77
56 J9
56 QJ
56 4K
56 Q11
56 651
56 861
56 371
56 T71
56 QK1
56 413
56 623
56 T43
56 273
56 483
56 7K3
56 K37
56 567
56 777
56 119
56 819
56 T29
56 Q39
56 J69
56 7J9
56 3Q9
56 12J
56 82J
56 33J
56 96J
56 K8J
56 19J
56 4JJ
56 3KJ
56 95K
56 K7K
56 4TK
Q6 7
Q6 77
Q6 4K
Q6 931
Q6 KJ1
Q6 9Q1
Q6 QK1
Q6 413
Q6 623
Q6 833
Q6 343
Q6 Q53
Q6 JQ3
Q6 7K3
Q6 917
Q6 427
Q6 J27
Q6 847
Q6 Q67
Q6 287
Q6 9T7
Q6 5J7
Q6 1Q7
Q6 329
Q6 539
Q6 679
Q6 889
Q6 K1J
Q6 33J
Q6 54J
Q6 J7J
Q6 89J
Q6 4JJ
Q6 TKJ
Q6 Q3K
Q6 67K
Q6 18K
Q6 3QK
77 21
77 63
77 4K
77 651
77 581
77 Q81
77 791
77 QK1
77 413
77 833
77 483
77 5T3
77 917
77 J27
77 497
77 9T7
77 5J7
77 1Q7
77 819
77 329
77 189
77 399
77 4T9
77 JT9
77 T3J
77 Q4J
77 96J
77 J7J
77 19J
77 8TJ
77 4JJ
77 32K
77 25K
77 K7K
77 T9K
77 6KK
28 7
28 63
28 K3
28 5J
28 511
28 931
28 J41
28 651
28 K51
28 T71
28 K23
28 133
28 343
28 553
28 973
28 J83
28 693
28 637
28 147
28 357
28 T57
28 777
28 8Q7
28 4K7
28 Q39
28 189
28 889
28 399
28 JT9
28 7J9
28 T3J
28 Q4J
28 68J
28 JJJ
28 7QJ
28 TKJ
28 32K
28 53K
28 K7K
28 39K
98 63
98 JK
98 231
98 581
98 3T1
98 TT1
98 J13
98 5T3
98 1J3
98 K37
98 357
98 567
98 497
98 J97
98 9T7
98 5J7
98 8Q7
98 Q39
98 749
98 J69
98 K79
98 399
98 4T9
98 33J
98 54J
98 75J
98 8TJ
98 JJJ
98 11K
98 53K
98 95K
98 46K
98 T9K
98 TQK
49 7
49 63
49 K3
49 721
49 J41
49 Q81
49 TT1
49 133
49 553
49 763
49 273
49 483
49 K93
49 5T3
49 4Q3
49 847
49 Q67
49 QJ7
49 8Q7
49 Q39
49 189
49 889
49 399
49 T99
49 TQ9
49 6K9
49 T3J
49 26J
49 32K
49 74K
49 95K
J9 63
J9 231
J9 651
J9 861
J9 371
J9 6J1
J9 K23
J9 Q53
J9 693
J9 JQ3
J9 147
J9 287
J9 QJ7
J9 8Q7
J9 819
J9 329
J9 539
J9 749
J9 959
J9 J69
J9 K79
J9 189
J9 3Q9
J9 KK9
J9 61J
J9 33J
J9 54J
J9 8TJ
J9 53K
J9 4TK
2T 77
2T 4K
2T 721
2T 931
2T J41
2T K51
2T 791
2T 9Q1
2T 5K1
2T 413
2T 623
2T 833
2T T43
2T 763
2T 973
2T 8J3
2T 4Q3
2T 637
2T K37
2T T57
2T 497
2T 2T7
2T JK7
2T 329
2T 959
2T 679
2T 6K9
2T 75J
2T 47J
2T 68J
2T 81K
2T T2K
2T Q3K
2T JTK
9T 7
9T 21
9T 63
9T 49
9T 5J
9T 511
9T K51
9T T71
9T 553
9T 483
9T 693
9T K93
9T 147
9T 847
9T 357
9T Q67
9T QJ7
9T T29
9T 189
9T 889
9T 399
9T 7J9
9T 82J
9T 89J
9T T2K
9T Q3K
9T K7K
9T 4TK
9T 7JK
5J 63
5J K3
5J 49
5J 931
5J 441
5J 133
5J 553
5J 273
5J K93
5J QT3
5J 4Q3
5J 427
5J 637
5J 847
5J 987
5J 4K7
5J 259
5J 889
5J T99
5J JT9
5J 3Q9
5J 82J
5J T3J
5J 68J
5J 32K
5J 95K
5J 39K
QJ 4K
QJ 161
QJ 371
QJ T71
QJ 6J1
QJ 2Q1
QJ 413
QJ T43
QJ 273
QJ 693
QJ 147
QJ 567
QJ 987
QJ J97
QJ 4K7
QJ T29
QJ Q39
QJ 959
QJ J69
QJ JT9
QJ 61J
QJ 33J
QJ 75J
QJ J7J
QJ 67K
1Q 91
1Q 63
1Q 49
1Q 5J
1Q JK
1Q 511
1Q 721
1Q 231
1Q 441
1Q J41
1Q Q81
1Q TT1
1Q 9Q1
1Q J13
1Q 973
1Q 483
1Q J83
1Q QT3
1Q 1J3
1Q 8J3
1Q 427
1Q 637
1Q 777
1Q 987
1Q QJ7
1Q 4K7
1Q JK7
1Q 469
1Q 679
1Q 889
1Q 399
1Q 7J9
1Q TQ9
1Q 6K9
1Q T3J
1Q Q4J
1Q 26J
1Q 1TJ
1Q 11K
1Q 81K
1Q T2K
1Q 74K
1Q J6K
1Q 4TK
8Q 791
8Q 3T1
8Q 2Q1
8Q 623
8Q Q53
8Q 693
8Q 917
8Q J27
8Q 287
8Q 987
8Q QJ7
8Q 1Q7
8Q 329
8Q T29
8Q 749
8Q J69
8Q 189
8Q 3Q9
8Q 33J
8Q J7J
8Q JJJ
8Q 7QJ
8Q 3KJ
8Q 32K
8Q 74K
8Q 25K
8Q 46K
8Q J6K
8Q T9K
8Q 4TK
4K 21
4K 441
4K 651
4K 161
4K 861
4K 371
4K T71
4K 581
4K 791
4K 833
4K 483
4K 147
4K 357
4K 987
4K J97
4K 9T7
4K 8Q7
4K 539
4K 749
4K 7QJ
4K 46K
4K J6K
4K 67K
4K 88K
JK 91
JK 49
JK J9
JK 5J
JK 4K
JK 511
JK 161
JK 791
JK QK1
JK 413
JK 833
JK 553
JK 8J3
JK J27
JK 5J7
JK 1Q7
JK 119
JK 679
JK TQ9
JK KK9
JK 26J
JK 89J
JK 8TJ
JK 4JJ
JK 81K
JK 39K
511 63
511 K3
511 49
511 931
511 441
511 133
511 553
511 273
511 K93
511 QT3
511 4Q3
511 427
511 637
511 847
511 987
511 4K7
511 259
511 889
511 T99
511 JT9
511 3Q9
511 82J
511 T3J
511 68J
511 32K
511 95K
511 39K
Q11 4K
Q11 161
Q11 371
Q11 T71
Q11 6J1
Q11 2Q1
Q11 413
Q11 T43
Q11 273
Q11 693
Q11 147
Q11 567
Q11 987
Q11 J97
Q11 4K7
Q11 T29
Q11 Q39
Q11 959
Q11 J69
Q11 JT9
Q11 61J
Q11 33J
Q11 75J
Q11 J7J
Q11 67K
721 7
721 21
721 91
721 651
721 861
721 T71
721 TT1
721 6J1
721 343
721 553
721 483
721 693
721 637
721 Q67
721 987
721 8Q7
721 469
721 T99
721 61J
721 1TJ
721 7QJ
721 3KJ
721 53K
721 J6K
721 K7K
231 7
231 91
231 49
231 5J
231 511
231 161
231 371
231 581
231 791
231 QK1
231 833
231 343
231 T43
231 K93
231 8J3
231 637
231 497
231 9T7
231 5J7
231 JK7
231 749
231 259
231 J69
231 4T9
231 6K9
231 4JJ
231 81K
231 Q3K
231 25K
231 88K
231 JTK
231 6KK
931 91
931 63
931 5J
931 511
931 721
931 231
931 6J1
931 5K1
931 763
931 273
931 483
931 847
931 357
931 QJ7
931 JK7
931 819
931 Q39
931 679
931 T99
931 TQ9
931 61J
931 T3J
931 Q4J
931 TKJ
931 74K
931 39K
931 KKK
441 7
441 77
441 5J
441 4K
441 511
441 721
441 J41
441 K51
441 791
441 5K1
441 413
441 553
441 J83
441 4Q3
441 217
441 917
441 T57
441 Q67
441 469
441 J69
441 679
441 K79
441 889
441 4T9
441 TQ9
441 33J
441 K8J
441 89J
441 T2K
441 Q3K
441 46K
441 88K
441 39K
441 TQK
J41 K3
J41 JK
J41 441
J41 K51
J41 2Q1
J41 J13
J41 133
J41 763
J41 J83
J41 K93
J41 1J3
J41 8J3
J41 427
J41 147
J41 JK7
J41 819
J41 189
J41 889
J41 JT9
J41 TQ9
J41 19J
J41 TKJ
J41 11K
J41 81K
J41 32K
J41 T2K
J41 74K
J41 K7K
J41 7JK
J41 3QK
651 77
651 QJ
651 4K
651 Q11
651 721
651 931
651 371
651 581
651 791
651 9Q1
651 413
651 623
651 Q53
651 973
651 K93
651 917
651 K37
651 2T7
651 329
651 539
651 679
651 K79
651 T99
651 12J
651 54J
651 J7J
651 68J
651 K8J
K51 7
K51 63
K51 5J
K51 511
K51 931
K51 651
K51 973
K51 K93
K51 5T3
K51 8J3
K51 217
K51 357
K51 2T7
K51 QJ7
K51 JK7
K51 T29
K51 Q39
K51 399
K51 3Q9
K51 Q4J
K51 26J
K51 89J
K51 1TJ
K51 JJJ
K51 81K
K51 T2K
K51 Q3K
K51 K7K
K51 18K
K51 JTK
161 63
161 77
161 J9
161 4K
161 441
161 371
161 6J1
161 2Q1
161 413
161 K23
161 T43
161 273
161 693
161 5T3
161 JQ3
161 7K3
161 917
161 147
161 567
161 287
161 497
161 119
161 819
161 189
161 399
161 7J9
161 KK9
161 61J
161 T3J
161 54J
161 K8J
161 19J
161 95K
161 67K
161 KKK
861 7
861 J9
861 4K
861 581
861 791
861 9Q1
861 413
861 343
861 J83
861 K93
861 217
861 637
861 847
861 Q67
861 2T7
861 9T7
861 119
861 539
861 J69
861 889
861 4T9
861 75J
861 26J
861 TQK
861 6KK
371 21
371 63
371 J9
371 651
371 Q81
371 791
371 3T1
371 2Q1
371 623
371 483
371 357
371 5J7
371 119
371 819
371 329
371 539
371 Q39
371 K79
371 7J9
371 3Q9
371 82J
371 T3J
371 54J
371 K8J
371 3KJ
371 25K
371 95K
371 46K
371 6KK
T71 7
T71 91
T71 49
T71 5J
T71 QJ
T71 4K
T71 511
T71 Q11
T71 931
T71 791
T71 KJ1
T71 9Q1
T71 413
T71 623
T71 T43
T71 QT3
T71 4Q3
T71 497
T71 539
T71 749
T71 959
T71 469
T71 K79
T71 T99
T71 K1J
T71 12J
T71 96J
T71 J7J
T71 TKJ
T71 39K
581 77
581 QJ
581 4K
581 Q11
581 441
581 651
581 161
581 T71
581 6J1
581 413
581 623
581 5T3
581 K37
581 497
581 9T7
581 QJ7
581 8Q7
581 4K7
581 819
581 329
581 539
581 Q39
581 959
581 4T9
581 3Q9
581 KK9
581 61J
581 12J
581 75J
581 96J
581 8TJ
581 4JJ
581 7QJ
581 25K
581 J6K
581 4TK
581 6KK
Q81 7
Q81 91
Q81 77
Q81 49
Q81 4K
Q81 J41
Q81 161
Q81 3T1
Q81 5K1
Q81 QK1
Q81 413
Q81 623
Q81 833
Q81 4Q3
Q81 637
Q81 Q67
Q81 287
Q81 329
Q81 259
Q81 469
Q81 TQ9
Q81 96J
Q81 89J
Q81 1TJ
Q81 46K
Q81 39K
Q81 3QK
791 77
791 J9
791 441
791 651
791 161
791 861
791 581
791 623
791 273
791 917
791 K37
791 147
791 357
791 567
791 777
791 287
791 119
791 819
791 189
791 4T9
791 3Q9
791 T3J
791 K8J
791 19J
791 JJJ
791 25K
791 J6K
791 88K
791 T9K
791 TQK
3T1 J9
3T1 4K
3T1 JK
3T1 441
3T1 861
3T1 413
3T1 J13
3T1 623
3T1 273
3T1 5T3
3T1 1J3
3T1 287
3T1 J97
3T1 5J7
3T1 119
3T1 819
3T1 T29
3T1 539
3T1 399
3T1 7J9
3T1 33J
3T1 54J
3T1 19J
3T1 8TJ
3T1 11K
3T1 74K
TT1 7
TT1 77
TT1 49
TT1 5J
TT1 4K
TT1 511
TT1 721
TT1 371
TT1 581
TT1 QK1
TT1 413
TT1 833
TT1 T43
TT1 Q53
TT1 973
TT1 4Q3
TT1 JQ3
TT1 917
TT1 K37
TT1 Q67
TT1 2T7
TT1 9T7
TT1 469
TT1 6K9
TT1 33J
TT1 26J
TT1 47J
TT1 T2K
TT1 88K
TT1 TQK
6J1 7
6J1 91
6J1 J9
6J1 5J
6J1 511
6J1 931
6J1 581
6J1 791
6J1 343
6J1 T43
6J1 553
6J1 763
6J1 973
6J1 637
6J1 847
6J1 T57
6J1 Q67
6J1 9T7
6J1 119
6J1 T99
6J1 33J
6J1 1TJ
6J1 8TJ
6J1 4JJ
6J1 39K
KJ1 7
KJ1 21
KJ1 K3
KJ1 931
KJ1 J41
KJ1 651
KJ1 K51
KJ1 133
KJ1 343
KJ1 693
KJ1 5T3
KJ1 4Q3
KJ1 217
KJ1 147
KJ1 847
KJ1 987
KJ1 2T7
KJ1 QJ7
KJ1 JK7
KJ1 399
KJ1 T99
KJ1 19J
KJ1 JJJ
KJ1 7QJ
KJ1 53K
KJ1 3QK
KJ1 KKK
2Q1 91
2Q1 K3
2Q1 49
2Q1 5J
2Q1 511
2Q1 J41
2Q1 K51
2Q1 371
2Q1 623
2Q1 133
2Q1 833
2Q1 343
2Q1 T43
2Q1 Q53
2Q1 973
2Q1 QT3
2Q1 JQ3
2Q1 7K3
2Q1 637
2Q1 K37
2Q1 T57
2Q1 679
2Q1 K79
2Q1 33J
2Q1 26J
2Q1 47J
2Q1 T2K
2Q1 Q3K
2Q1 25K
2Q1 18K
2Q1 3QK
9Q1 21
9Q1 49
9Q1 5J
9Q1 JK
9Q1 511
9Q1 Q81
9Q1 J13
9Q1 K23
9Q1 763
9Q1 973
9Q1 483
9Q1 1J3
9Q1 8J3
9Q1 217
9Q1 427
9Q1 637
9Q1 847
9Q1 357
9Q1 T57
9Q1 819
9Q1 259
9Q1 679
9Q1 6K9
9Q1 26J
9Q1 68J
9Q1 19J
9Q1 JJJ
9Q1 11K
9Q1 81K
9Q1 3QK
5K1 7
5K1 21
5K1 63
5K1 931
5K1 J41
5K1 861
5K1 T71
5K1 KJ1
5K1 2Q1
5K1 693
5K1 QT3
5K1 777
5K1 987
5K1 J97
5K1 QJ7
5K1 Q39
5K1 469
5K1 679
5K1 889
5K1 T99
5K1 TQ9
5K1 K1J
5K1 82J
5K1 26J
5K1 JJJ
5K1 TKJ
5K1 74K
5K1 K7K
5K1 18K
5K1 39K
5K1 JTK
QK1 63
QK1 231
QK1 441
QK1 791
QK1 T43
QK1 7K3
QK1 147
QK1 287
QK1 987
QK1 8Q7
QK1 539
QK1 399
QK1 3Q9
QK1 33J
QK1 96J
QK1 32K
QK1 25K
QK1 K7K
112 91
112 63
112 49
112 5J
112 JK
112 511
112 721
112 231
112 441
112 J41
112 Q81
112 TT1
112 9Q1
112 J13
112 973
112 483
112 J83
112 QT3
112 1J3
112 8J3
112 427
112 637
112 777
112 987
112 QJ7
112 4K7
112 JK7
112 469
112 679
112 889
112 399
112 7J9
112 TQ9
112 6K9
112 T3J
112 Q4J
112 26J
112 1TJ
112 11K
112 81K
112 T2K
112 74K
112 J6K
112 4TK
812 791
812 3T1
812 2Q1
812 623
812 Q53
812 693
812 917
812 J27
812 287
812 987
812 QJ7
812 1Q7
812 329
812 T29
812 749
812 J69
812 189
812 3Q9
812 33J
812 J7J
812 JJJ
812 7QJ
812 3KJ
812 32K
812 74K
812 25K
812 46K
812 J6K
812 T9K
812 4TK
322 7
322 21
322 5J
322 511
322 721
322 931
322 651
322 K23
322 343
322 693
322 4Q3
322 427
322 637
322 147
322 357
322 Q67
322 987
322 J97
322 2T7
322 T29
322 189
322 T99
322 7J9
322 TQ9
322 26J
322 47J
322 68J
322 89J
322 7QJ
322 TKJ
322 Q3K
322 74K
322 95K
322 K7K
322 KKK
T22 4K
T22 231
T22 441
T22 651
T22 161
T22 T71
T22 413
T22 K23
T22 693
T22 5T3
T22 J27
T22 147
T22 357
T22 987
T22 J97
T22 9T7
T22 5J7
T22 1Q7
T22 819
T22 539
T22 Q39
T22 J69
T22 399
T22 3Q9
T22 T3J
T22 54J
T22 75J
T22 J7J
T22 95K
T22 4TK
532 7
532 21
532 49
532 721
532 J41
532 861
532 T71
532 Q81
532 TT1
532 553
532 273
532 J83
532 693
532 5T3
532 217
532 637
532 567
532 2T7
532 QJ7
532 8Q7
532 T29
532 3Q9
532 26J
532 19J
532 3KJ
532 TKJ
532 53K
532 KKK
Q32 63
Q32 J9
Q32 QJ
Q32 JK
Q32 Q11
Q32 441
Q32 161
Q32 861
Q32 371
Q32 6J1
Q32 J13
Q32 623
Q32 1J3
Q32 147
Q32 357
Q32 567
Q32 287
Q32 9T7
Q32 8Q7
Q32 119
Q32 329
Q32 61J
Q32 12J
Q32 82J
Q32 T3J
Q32 4JJ
Q32 3KJ
Q32 11K
Q32 74K
Q32 25K
Q32 46K
Q32 J6K
Q32 67K
Q32 4TK
742 7
742 91
742 K3
742 49
742 721
742 231
742 861
742 2Q1
742 133
742 763
742 QT3
742 4Q3
742 217
742 847
742 T57
742 Q39
742 JT9
742 26J
742 47J
742 89J
252 91
252 49
252 J9
252 5J
252 511
252 J41
252 K51
252 581
252 763
252 J83
252 QT3
252 8J3
252 4Q3
252 JQ3
252 917
252 427
252 Q67
252 119
252 749
252 259
252 959
252 469
252 J69
252 679
252 K79
252 TQ9
252 KK9
252 96J
252 68J
252 81K
252 67K
952 7
952 91
952 JK
952 231
952 931
952 651
952 K51
952 6J1
952 J13
952 K23
952 973
952 483
952 693
952 5T3
952 1J3
952 4Q3
952 777
952 J97
952 4K7
952 469
952 189
952 399
952 61J
952 47J
952 68J
952 89J
952 3KJ
952 11K
952 53K
952 18K
952 7JK
952 KKK
462 7
462 49
462 721
462 581
462 5K1
462 623
462 763
462 K93
462 4Q3
462 7K3
462 Q67
462 287
462 497
462 5J7
462 329
462 749
462 259
462 959
462 469
462 J69
462 K79
462 T99
462 TQ9
462 96J
462 68J
462 8TJ
462 T2K
462 46K
462 88K
462 39K
462 7JK
J62 21
J62 49
J62 441
J62 6J1
J62 K23
J62 693
J62 K93
J62 8J3
J62 217
J62 147
J62 567
J62 8Q7
J62 JK7
J62 Q39
J62 189
J62 TQ9
J62 61J
J62 82J
J62 89J
J62 JJJ
J62 3KJ
J62 81K
J62 Q3K
J62 74K
J62 18K
J62 39K
J62 JTK
672 91
672 J9
672 QJ
672 4K
672 Q11
672 371
672 QK1
672 413
672 553
672 K93
672 8J3
672 JQ3
672 K37
672 T57
672 JK7
672 119
672 959
672 679
672 4T9
672 KK9
672 12J
672 75J
672 26J
672 89J
672 1TJ
672 8TJ
672 TKJ
672 81K
672 18K
672 JTK
672 3QK
K72 21
K72 63
K72 5J
K72 511
K72 231
K72 J41
K72 Q81
K72 TT1
K72 2Q1
K72 5K1
K72 273
K72 973
K72 K93
K72 357
K72 567
K72 777
K72 819
K72 Q39
K72 3Q9
K72 TQ9
K72 6K9
K72 82J
K72 JJJ
K72 74K
182 63
182 J9
182 371
182 581
182 791
182 6J1
182 K23
182 833
182 Q53
182 693
182 K37
182 147
182 777
182 287
182 987
182 J97
182 9T7
182 119
182 749
182 4T9
182 7J9
182 61J
182 54J
182 Q4J
182 8TJ
182 74K
182 67K
882 91
882 K3
882 77
882 J41
882 161
882 5K1
882 QK1
882 133
882 553
882 J83
882 217
882 917
882 K37
882 287
882 9T7
882 5J7
882 329
882 749
882 259
882 469
882 J69
882 679
882 889
882 T99
882 6K9
882 33J
882 96J
882 47J
882 Q3K
882 25K
882 88K
882 T9K
882 7JK
392 QJ
392 JK
392 Q11
392 651
392 861
392 371
392 791
392 6J1
392 J13
392 T43
392 Q53
392 273
392 693
392 1J3
392 7K3
392 917
392 K37
392 567
392 287
392 J97
392 8Q7
392 3Q9
392 KK9
392 61J
392 12J
392 82J
392 96J
392 7QJ
392 11K
392 32K
392 74K
392 95K
T92 K3
T92 49
T92 4K
T92 K51
T92 3T1
T92 9Q1
T92 5K1
T92 413
T92 623
T92 133
T92 833
T92 T43
T92 763
T92 973
T92 8J3
T92 4Q3
T92 JQ3
T92 7K3
T92 917
T92 427
T92 287
T92 497
T92 JK7
T92 889
T92 6K9
T92 KK9
T92 33J
T92 47J
T92 J7J
T92 68J
T92 81K
T92 46K
T92 T9K
T92 6KK
4T2 7
4T2 21
4T2 91
4T2 5J
4T2 511
4T2 J41
4T2 861
4T2 TT1
4T2 973
4T2 K93
4T2 847
4T2 357
4T2 Q67
4T2 777
4T2 2T7
4T2 QJ7
4T2 Q39
4T2 259
4T2 469
4T2 399
4T2 26J
4T2 68J
4T2 19J
4T2 18K
4T2 39K
JT2 77
JT2 651
JT2 161
JT2 791
JT2 3T1
JT2 623
JT2 693
JT2 K37
JT2 777
JT2 287
JT2 J97
JT2 QJ7
JT2 T29
JT2 539
JT2 Q39
JT2 189
JT2 3KJ
JT2 74K
JT2 25K
JT2 J6K
JT2 88K
JT2 T9K
7J2 21
7J2 77
7J2 QJ
7J2 JK
7J2 Q11
7J2 231
7J2 161
7J2 861
7J2 371
7J2 581
7J2 3T1
7J2 6J1
7J2 J13
7J2 623
7J2 483
7J2 5T3
7J2 1J3
7J2 K37
7J2 357
7J2 777
7J2 8Q7
7J2 Q39
7J2 959
7J2 189
7J2 7J9
7J2 61J
7J2 12J
7J2 3KJ
7J2 11K
7J2 46K
7J2 J6K
7J2 K7K
7J2 4TK
7J2 TQK
3Q2 QJ
3Q2 Q11
3Q2 861
3Q2 371
3Q2 T71
3Q2 2Q1
3Q2 7K3
3Q2 J27
3Q2 K37
3Q2 567
3Q2 777
3Q2 287
3Q2 987
3Q2 1Q7
3Q2 8Q7
3Q2 T29
3Q2 Q39
3Q2 J69
3Q2 4T9
3Q2 3Q9
3Q2 12J
3Q2 54J
3Q2 75J
3Q2 74K
3Q2 25K
3Q2 67K
3Q2 4TK
3Q2 KKK
TQ2 7
TQ2 K3
TQ2 77
TQ2 5J
TQ2 4K
TQ2 511
TQ2 161
TQ2 581
TQ2 791
TQ2 413
TQ2 623
TQ2 133
TQ2 Q53
TQ2 QT3
TQ2 7K3
TQ2 917
TQ2 637
TQ2 K37
TQ2 T57
TQ2 287
TQ2 9T7
TQ2 5J7
TQ2 539
TQ2 679
TQ2 TQ9
TQ2 26J
TQ2 1TJ
TQ2 8TJ
TQ2 TKJ
TQ2 25K
TQ2 39K
6K2 7
6K2 91
6K2 K3
6K2 J9
6K2 721
6K2 J41
6K2 161
6K2 9Q1
6K2 133
6K2 553
6K2 JQ3
6K2 7K3
6K2 917
6K2 J27
6K2 847
6K2 287
6K2 1Q7
6K2 119
6K2 539
6K2 749
6K2 959
6K2 469
6K2 679
6K2 6K9
6K2 26J
6K2 47J
6K2 K8J
6K2 67K
6K2 JTK
6K2 TQK
KK2 K3
KK2 5J
KK2 511
KK2 651
KK2 K51
KK2 861
KK2 T71
KK2 6J1
KK2 KJ1
KK2 133
KK2 763
KK2 8J3
KK2 4Q3
KK2 T57
KK2 567
KK2 8Q7
KK2 399
KK2 61J
KK2 K1J
KK2 T3J
KK2 JJJ
KK2 81K
KK2 53K
KK2 39K
KK2 JTK
413 21
413 441
413 651
413 161
413 861
413 371
413 T71
413 581
413 791
413 833
413 483
413 147
413 357
413 987
413 J97
413 9T7
413 8Q7
413 539
413 749
413 7QJ
413 46K
413 J6K
413 67K
413 88K
J13 91
J13 49
J13 J9
J13 5J
J13 4K
J13 511
J13 161
J13 791
J13 QK1
J13 413
J13 833
J13 553
J13 8J3
J13 J27
J13 5J7
J13 1Q7
J13 119
J13 679
J13 TQ9
J13 KK9
J13 26J
J13 89J
J13 8TJ
J13 4JJ
J13 81K
J13 39K
623 J9
623 JK
623 861
623 581
623 791
623 2Q1
623 J13
623 833
623 483
623 1J3
623 JQ3
623 J27
623 147
623 357
623 287
623 497
623 1Q7
623 8Q7
623 119
623 T29
623 Q39
623 749
623 959
623 399
623 JT9
623 7J9
623 KK9
623 82J
623 Q4J
623 11K
623 32K
623 TQK
K23 91
K23 K3
K23 77
K23 J9
K23 QJ
K23 Q11
K23 K51
K23 9Q1
K23 QK1
K23 133
K23 T43
K23 973
K23 427
K23 287
K23 5J7
K23 119
K23 469
K23 J69
K23 889
K23 6K9
K23 KK9
K23 12J
K23 75J
K23 26J
K23 89J
K23 1TJ
K23 TKJ
K23 JTK
133 7
133 91
133 49
133 5J
133 JK
133 511
133 J13
133 553
133 973
133 483
133 1J3
133 217
133 847
133 357
133 567
133 Q67
133 987
133 2T7
133 8Q7
133 4K7
133 T29
133 259
133 82J
133 3KJ
133 TKJ
133 11K
133 53K
133 Q3K
133 7JK
133 KKK
833 21
833 63
833 JK
833 231
833 581
833 6J1
833 J13
833 623
833 T43
833 273
833 483
833 693
833 1J3
833 7K3
833 917
833 9T7
833 4K7
833 329
833 Q39
833 749
833 189
833 399
833 4T9
833 3Q9
833 61J
833 33J
833 T3J
833 54J
833 96J
833 K8J
833 8TJ
833 11K
833 25K
833 T9K
343 7
343 21
343 63
343 K3
343 JK
343 721
343 231
343 861
343 Q81
343 TT1
343 5K1
343 J13
343 133
343 763
343 973
343 483
343 J83
343 1J3
343 8J3
343 217
343 847
343 T57
343 567
343 4K7
343 819
343 259
343 399
343 6K9
343 T3J
343 Q4J
343 89J
343 JJJ
343 7QJ
343 11K
343 81K
343 32K
343 74K
343 39K
343 JTK
T43 4K
T43 231
T43 371
T43 Q81
T43 791
T43 3T1
T43 TT1
T43 413
T43 833
T43 Q53
T43 483
T43 693
T43 5T3
T43 J27
T43 147
T43 777
T43 J97
T43 1Q7
T43 4K7
T43 539
T43 189
T43 399
T43 JT9
T43 54J
T43 K8J
T43 19J
T43 8TJ
T43 32K
T43 J6K
T43 67K
T43 K7K
T43 6KK
T43 KKK
553 49
553 721
553 931
553 441
553 5K1
553 K23
553 273
553 973
553 J83
553 K93
553 8J3
553 4Q3
553 217
553 777
553 J97
553 JK7
553 7J9
553 81K
553 32K
553 T2K
553 Q3K
553 7JK
Q53 21
Q53 63
Q53 77
Q53 231
Q53 581
Q53 3T1
Q53 2Q1
Q53 QK1
Q53 623
Q53 833
Q53 T43
Q53 693
Q53 JQ3
Q53 7K3
Q53 147
Q53 357
Q53 777
Q53 287
Q53 8Q7
Q53 749
Q53 399
Q53 4T9
Q53 7J9
Q53 82J
Q53 Q4J
Q53 4JJ
Q53 JJJ
Q53 53K
Q53 25K
Q53 K7K
Q53 4TK
763 7
763 21
763 63
763 5J
763 511
763 721
763 931
763 441
763 T71
763 2Q1
763 K23
763 343
763 973
763 J83
763 8J3
763 4Q3
763 847
763 T57
763 Q67
763 777
763 987
763 8Q7
763 JK7
763 259
763 679
763 7J9
763 6K9
763 82J
763 26J
763 19J
763 89J
763 JJJ
763 7QJ
763 TKJ
763 81K
763 32K
763 53K
763 74K
763 95K
763 J6K
763 K7K
763 3QK
273 K3
273 77
273 49
273 721
273 931
273 K51
273 161
273 791
273 623
273 133
273 833
273 553
273 973
273 K93
273 8J3
273 JQ3
273 7K3
273 J27
273 K37
273 T57
273 287
273 9T7
273 1Q7
273 329
273 749
273 679
273 T99
273 6K9
273 75J
273 26J
273 96J
273 47J
273 J7J
273 89J
273 8TJ
273 81K
273 25K
273 67K
973 21
973 91
973 49
973 JK
973 231
973 931
973 861
973 TT1
973 KJ1
973 5K1
973 J13
973 553
973 763
973 K93
973 5T3
973 1J3
973 637
973 147
973 847
973 Q39
973 469
973 T99
973 K1J
973 Q4J
973 11K
973 53K
973 J6K
973 3QK
483 7
483 K3
483 77
483 49
483 5J
483 511
483 J41
483 133
483 833
483 763
483 4Q3
483 JQ3
483 217
483 427
483 JK7
483 469
483 889
483 47J
483 J7J
483 T2K
483 18K
483 7JK
J83 21
J83 K3
J83 441
J83 651
J83 K51
J83 T71
J83 KJ1
J83 2Q1
J83 9Q1
J83 K23
J83 133
J83 343
J83 553
J83 483
J83 777
J83 8Q7
J83 469
J83 679
J83 TQ9
J83 K1J
J83 T3J
J83 47J
J83 89J
J83 3KJ
J83 T2K
J83 95K
J83 JTK
693 7
693 49
693 J9
693 721
693 931
693 J41
693 161
693 371
693 581
693 5K1
693 623
693 833
693 553
693 Q53
693 763
693 973
693 J83
693 4Q3
693 917
693 T57
693 Q67
693 287
693 119
693 959
693 KK9
693 75J
693 47J
693 68J
693 89J
693 25K
693 18K
693 39K
693 3QK
K93 91
K93 JK
K93 721
K93 231
K93 J13
K93 K23
K93 343
K93 763
K93 273
K93 1J3
K93 147
K93 T57
K93 567
K93 J97
K93 T29
K93 259
K93 3Q9
K93 Q4J
K93 68J
K93 19J
K93 7QJ
K93 3KJ
K93 11K
K93 T2K
K93 53K
K93 95K
K93 39K
K93 7JK
5T3 K3
5T3 77
5T3 49
5T3 5J
5T3 4K
5T3 511
5T3 K51
5T3 161
5T3 9Q1
5T3 413
5T3 133
5T3 973
5T3 8J3
5T3 4Q3
5T3 K37
5T3 287
5T3 259
5T3 75J
5T3 26J
5T3 81K
5T3 25K
5T3 88K
5T3 3QK
QT3 7
QT3 JK
QT3 721
QT3 231
QT3 K51
QT3 KJ1
QT3 J13
QT3 763
QT3 K93
QT3 1J3
QT3 357
QT3 987
QT3 QJ7
QT3 JK7
QT3 259
QT3 889
QT3 K1J
QT3 47J
QT3 TKJ
QT3 11K
QT3 Q3K
QT3 95K
1J3 91
1J3 49
1J3 J9
1J3 5J
1J3 4K
1J3 511
1J3 161
1J3 791
1J3 QK1
1J3 413
1J3 833
1J3 553
1J3 8J3
1J3 J27
1J3 5J7
1J3 1Q7
1J3 119
1J3 679
1J3 TQ9
1J3 KK9
1J3 26J
1J3 89J
1J3 8TJ
1J3 4JJ
1J3 81K
1J3 39K
8J3 21
8J3 5J
8J3 511
8J3 441
8J3 KJ1
8J3 343
8J3 553
8J3 973
8J3 217
8J3 637
8J3 4K7
8J3 189
8J3 889
8J3 T99
8J3 7J9
8J3 TQ9
8J3 6K9
8J3 K1J
8J3 68J
8J3 T2K
8J3 53K
8J3 J6K
8J3 K7K
8J3 18K
4Q3 91
4Q3 63
4Q3 49
4Q3 441
4Q3 K51
4Q3 861
4Q3 6J1
4Q3 2Q1
4Q3 K23
4Q3 343
4Q3 763
4Q3 973
4Q3 147
4Q3 777
4Q3 2T7
4Q3 8Q7
4Q3 189
4Q3 JT9
4Q3 3Q9
4Q3 61J
4Q3 T3J
4Q3 JJJ
4Q3 32K
4Q3 95K
4Q3 39K
4Q3 JTK
JQ3 63
JQ3 J9
JQ3 4K
JQ3 JK
JQ3 861
JQ3 371
JQ3 T71
JQ3 581
JQ3 6J1
JQ3 413
JQ3 J13
JQ3 623
JQ3 483
JQ3 5T3
JQ3 1J3
JQ3 K37
JQ3 5J7
JQ3 119
JQ3 4T9
JQ3 61J
JQ3 54J
JQ3 96J
JQ3 7QJ
JQ3 11K
JQ3 53K
JQ3 74K
JQ3 88K
JQ3 TQK
7K3 4K
7K3 231
7K3 651
7K3 161
7K3 T71
7K3 3T1
7K3 413
7K3 833
7K3 Q53
7K3 483
7K3 J27
7K3 497
7K3 J97
7K3 5J7
7K3 1Q7
7K3 8Q7
7K3 539
7K3 7J9
7K3 33J
7K3 T3J
7K3 54J
7K3 96J
7K3 K8J
7K3 19J
7K3 53K
7K3 74K
7K3 46K
7K3 67K
7K3 6KK
714 7
714 K3
714 77
714 4K
714 721
714 J41
714 161
714 9Q1
714 413
714 133
714 553
714 973
714 8J3
714 4Q3
714 JQ3
714 7K3
714 217
714 427
714 847
714 497
714 2T7
714 9T7
714 539
714 749
714 T99
714 75J
714 96J
714 68J
714 4JJ
714 81K
714 T2K
714 67K
714 18K
714 88K
714 T9K
714 7JK
224 21
224 63
224 4K
224 441
224 T71
224 581
224 2Q1
224 413
224 623
224 833
224 T43
224 Q53
224 483
224 693
224 JQ3
224 357
224 987
224 9T7
224 4K7
224 819
224 539
224 189
224 399
224 7J9
224 75J
224 K8J
224 19J
224 3KJ
224 53K
224 95K
224 46K
224 4TK
924 7
924 K3
924 QJ
924 4K
924 Q11
924 721
924 791
924 9Q1
924 413
924 133
924 343
924 T43
924 763
924 K93
924 J27
924 K37
924 Q67
924 497
924 2T7
924 9T7
924 5J7
924 1Q7
924 329
924 959
924 T99
924 12J
924 54J
924 68J
924 89J
924 8TJ
924 TKJ
924 Q3K
924 88K
434 21
434 77
434 J9
434 JK
434 371
434 Q81
434 2Q1
434 J13
434 833
434 273
434 693
434 1J3
434 917
434 J27
434 567
434 987
434 497
434 J97
434 9T7
434 5J7
434 QJ7
434 1Q7
434 119
434 329
434 959
434 K79
434 399
434 7J9
434 T3J
434 54J
434 8TJ
434 11K
434 53K
434 74K
434 25K
434 95K
434 88K
434 6KK
J34 7
J34 J9
J34 4K
J34 371
J34 5K1
J34 QK1
J34 413
J34 833
J34 553
J34 763
J34 4Q3
J34 7K3
J34 J27
J34 637
J34 1Q7
J34 119
J34 TQ9
J34 J7J
J34 68J
J34 K8J
J34 TKJ
J34 88K
J34 3QK
J34 TQK
644 21
644 63
644 231
644 581
644 3T1
644 QK1
644 833
644 T43
644 5T3
644 357
644 777
644 287
644 T29
644 539
644 749
644 J69
644 K79
644 KK9
644 33J
644 75J
644 96J
644 19J
644 JJJ
644 88K
644 TQK
K44 91
K44 77
K44 49
K44 QJ
K44 Q11
K44 721
K44 931
K44 371
K44 791
K44 KJ1
K44 QK1
K44 K93
K44 QT3
K44 8J3
K44 J27
K44 637
K44 847
K44 5J7
K44 1Q7
K44 JK7
K44 329
K44 259
K44 679
K44 4T9
K44 TQ9
K44 K1J
K44 12J
K44 89J
K44 8TJ
K44 81K
K44 67K
154 21
154 91
154 49
154 5J
154 511
154 931
154 441
154 J41
154 651
154 861
154 TT1
154 6J1
154 9Q1
154 K23
154 553
154 763
154 273
154 J83
154 8J3
154 4Q3
154 217
154 637
154 357
154 T57
154 777
154 2T7
154 T29
154 Q39
154 259
154 469
154 189
154 3Q9
154 6K9
154 61J
154 82J
154 26J
154 47J
154 68J
154 3KJ
154 81K
154 74K
154 39K
854 21
854 77
854 231
854 371
854 273
854 483
854 693
854 5T3
854 7K3
854 917
854 147
854 357
854 567
854 287
854 J97
854 4K7
854 819
854 T29
854 189
854 JT9
854 54J
854 96J
854 7QJ
854 J6K
364 7
364 63
364 721
364 K51
364 KJ1
364 483
364 4Q3
364 147
364 847
364 357
364 T57
364 567
364 QJ7
364 8Q7
364 469
364 189
364 889
364 399
364 3Q9
364 K1J
364 82J
364 Q4J
364 3KJ
364 53K
364 95K
364 J6K
T64 J9
T64 QJ
T64 JK
T64 Q11
T64 441
T64 651
T64 861
T64 T71
T64 581
T64 3T1
T64 TT1
T64 J13
T64 273
T64 1J3
T64 567
T64 777
T64 287
T64 9T7
T64 119
T64 539
T64 189
T64 4T9
T64 7J9
T64 3Q9
T64 12J
T64 33J
T64 J7J
T64 3KJ
T64 11K
T64 53K
T64 25K
T64 KKK
574 7
574 63
574 5J
574 511
574 J41
574 6J1
574 KJ1
574 5K1
574 273
574 973
574 QT3
574 217
574 147
574 357
574 987
574 Q39
574 259
574 469
574 JT9
574 61J
574 K1J
574 82J
574 Q4J
574 19J
574 1TJ
574 JJJ
574 3KJ
574 32K
574 53K
574 39K
574 4TK
574 JTK
574 7JK
Q74 77
Q74 4K
Q74 861
Q74 T71
Q74 2Q1
Q74 413
Q74 623
Q74 693
Q74 7K3
Q74 917
Q74 777
Q74 287
Q74 987
Q74 J97
Q74 329
Q74 749
Q74 189
Q74 399
Q74 JT9
Q74 54J
Q74 96J
Q74 53K
Q74 K7K
784 91
784 K3
784 JK
784 721
784 T71
784 2Q1
784 J13
784 133
784 973
784 483
784 1J3
784 217
784 427
784 847
784 777
784 4K7
784 JK7
784 469
784 679
784 T99
784 JT9
784 7J9
784 82J
784 T3J
784 47J
784 1TJ
784 TKJ
784 11K
784 32K
784 JTK
784 7JK
294 7
294 K3
294 77
294 J9
294 5J
294 511
294 J41
294 K51
294 161
294 581
294 9Q1
294 623
294 133
294 T43
294 973
294 8J3
294 7K3
294 917
294 427
294 K37
294 497
294 5J7
294 119
294 TQ9
294 89J
294 TKJ
294 81K
294 T2K
294 6KK
994 K3
994 49
994 861
994 2Q1
994 133
994 343
994 273
994 J83
994 693
994 5T3
994 QT3
994 8J3
994 217
994 427
994 T57
994 777
994 2T7
994 QJ7
994 JK7
994 469
994 679
994 399
994 JT9
994 Q4J
994 26J
994 1TJ
994 81K
994 18K
6T4 77
6T4 J9
6T4 231
6T4 161
6T4 623
6T4 K23
6T4 693
6T4 5T3
6T4 J27
6T4 K37
6T4 287
6T4 987
6T4 497
6T4 J97
6T4 1Q7
6T4 119
6T4 539
6T4 Q39
6T4 749
6T4 399
6T4 3Q9
6T4 54J
6T4 K8J
6T4 7QJ
6T4 95K
6T4 88K
6T4 T9K
KT4 77
KT4 QJ
KT4 Q11
KT4 791
KT4 QK1
KT4 343
KT4 763
KT4 8J3
KT4 4Q3
KT4 5J7
KT4 959
KT4 679
KT4 K79
KT4 12J
KT4 47J
KT4 89J
KT4 4JJ
KT4 81K
KT4 67K
KT4 18K
2J4 21
2J4 77
2J4 861
2J4 371
2J4 3T1
2J4 TT1
2J4 6J1
2J4 K23
2J4 J27
2J4 777
2J4 1Q7
2J4 Q39
2J4 J69
2J4 4T9
2J4 61J
2J4 82J
2J4 T3J
2J4 96J
2J4 K8J
2J4 JJJ
2J4 74K
2J4 25K
2J4 K7K
2J4 4TK
9J4 K3
9J4 77
9J4 J9
9J4 QJ
9J4 Q11
9J4 QK1
9J4 133
9J4 553
9J4 J83
9J4 427
9J4 K37
9J4 847
9J4 T57
9J4 5J7
9J4 119
9J4 749
9J4 959
9J4 K79
9J4 T99
9J4 4T9
9J4 12J
9J4 54J
9J4 26J
9J4 47J
9J4 89J
9J4 1TJ
9J4 TKJ
9J4 46K
9J4 JTK
9J4 TQK
5Q4 7
5Q4 5J
5Q4 511
5Q4 931
5Q4 161
5Q4 553
5Q4 J83
5Q4 K93
5Q4 4Q3
5Q4 287
5Q4 JK7
5Q4 539
5Q4 679
5Q4 K79
5Q4 33J
5Q4 54J
5Q4 75J
5Q4 Q3K
5Q4 25K
5Q4 67K
5Q4 18K
5Q4 JTK
QQ4 7
QQ4 63
QQ4 49
QQ4 5K1
QQ4 K23
QQ4 763
QQ4 273
QQ4 973
QQ4 J83
QQ4 5T3
QQ4 357
QQ4 T57
QQ4 JK7
QQ4 819
QQ4 259
QQ4 399
QQ4 3Q9
QQ4 82J
QQ4 68J
QQ4 19J
QQ4 1TJ
QQ4 T2K
QQ4 53K
QQ4 Q3K
QQ4 KKK
1K4 7
1K4 J9
1K4 4K
1K4 371
1K4 5K1
1K4 QK1
1K4 413
1K4 833
1K4 553
1K4 763
1K4 4Q3
1K4 7K3
1K4 J27
1K4 637
1K4 1Q7
1K4 119
1K4 TQ9
1K4 J7J
1K4 68J
1K4 K8J
1K4 TKJ
1K4 88K
1K4 3QK
1K4 TQK
8K4 7
8K4 JK
8K4 651
8K4 KJ1
8K4 9Q1
8K4 5K1
8K4 J13
8K4 553
8K4 693
8K4 K93
8K4 5T3
8K4 1J3
8K4 427
8K4 567
8K4 Q67
8K4 J97
8K4 4K7
8K4 259
8K4 469
8K4 T99
8K4 7J9
8K4 3Q9
8K4 TQ9
8K4 K1J
8K4 89J
8K4 1TJ
8K4 TKJ
8K4 11K
8K4 32K
8K4 95K
8K4 K7K
8K4 39K
315 91
315 49
315 K51
315 371
315 581
315 9Q1
315 QK1
315 833
315 973
315 J83
315 K93
315 8J3
315 917
315 427
315 J27
315 847
315 2T7
315 9T7
315 1Q7
315 539
315 959
315 889
315 4T9
315 33J
315 1TJ
315 81K
315 T2K
315 18K
T15 7
T15 21
T15 931
T15 441
T15 6J1
T15 KJ1
T15 763
T15 973
T15 483
T15 K93
T15 217
T15 637
T15 147
T15 847
T15 8Q7
T15 T29
T15 Q39
T15 259
T15 T99
T15 3Q9
T15 6K9
T15 61J
T15 K1J
T15 1TJ
T15 7QJ
T15 3KJ
T15 TKJ
T15 53K
T15 74K
T15 JTK
T15 7JK
525 7
525 49
525 J9
525 QJ
525 Q11
525 931
525 J41
525 581
525 KJ1
525 QK1
525 553
525 Q53
525 763
525 J27
525 T57
525 287
525 9T7
525 1Q7
525 119
525 259
525 T99
525 K1J
525 12J
525 33J
525 89J
525 4JJ
525 Q3K
525 88K
525 3QK
525 6KK
Q25 63
Q25 JK
Q25 721
Q25 K51
Q25 T71
Q25 Q81
Q25 6J1
Q25 5K1
Q25 J13
Q25 553
Q25 273
Q25 483
Q25 J83
Q25 1J3
Q25 427
Q25 567
Q25 Q67
Q25 987
Q25 4K7
Q25 JK7
Q25 469
Q25 3Q9
Q25 TQ9
Q25 61J
Q25 Q4J
Q25 47J
Q25 89J
Q25 1TJ
Q25 11K
Q25 32K
735 7
735 91
735 K3
735 161
735 5K1
735 133
735 J83
735 7K3
735 217
735 K37
735 T57
735 497
735 9T7
735 749
735 259
735 959
735 J69
735 679
735 K79
735 33J
735 54J
735 96J
735 T2K
735 T9K
245 77
245 4K
245 JK
245 161
245 371
245 581
245 3T1
245 QK1
245 413
245 J13
245 623
245 Q53
245 483
245 693
245 5T3
245 1J3
245 K37
245 357
245 567
245 777
245 987
245 9T7
245 5J7
245 QJ7
245 819
245 749
245 189
245 4T9
245 JT9
245 3Q9
245 11K
245 32K
245 74K
245 95K
245 88K
945 91
945 K3
945 J9
945 4K
945 413
945 623
945 133
945 833
945 343
945 QT3
945 JQ3
945 7K3
945 917
945 5J7
945 119
945 539
945 TQ9
945 KK9
945 33J
945 54J
945 26J
945 96J
945 J7J
945 67K
455 231
455 441
455 861
455 371
455 Q81
455 6J1
455 623
455 K23
455 833
455 Q53
455 693
455 JQ3
455 7K3
455 777
455 987
455 497
455 QJ7
455 4K7
455 189
455 JT9
455 7J9
455 61J
455 Q4J
455 53K
455 25K
455 4TK
455 TQK
J55 4K
J55 721
J55 931
J55 581
J55 KJ1
J55 413
J55 623
J55 343
J55 553
J55 Q53
J55 K93
J55 4Q3
J55 7K3
J55 K37
J55 287
J55 2T7
J55 329
J55 259
J55 J69
J55 T99
J55 6K9
J55 K1J
J55 75J
J55 47J
J55 46K
J55 67K
J55 88K
J55 TQK
665 77
665 441
665 651
665 581
665 QK1
665 623
665 T43
665 Q53
665 7K3
665 917
665 J27
665 147
665 777
665 497
665 1Q7
665 8Q7
665 Q39
665 749
665 189
665 JT9
665 3Q9
665 33J
665 96J
665 8TJ
665 32K
665 74K
665 J6K
665 67K
665 K7K
665 88K
K65 7
K65 49
K65 QJ
K65 Q11
K65 721
K65 161
K65 371
K65 9Q1
K65 623
K65 343
K65 T43
K65 JQ3
K65 917
K65 J27
K65 847
K65 Q67
K65 497
K65 1Q7
K65 329
K65 539
K65 959
K65 J69
K65 889
K65 12J
K65 T2K
K65 67K
K65 6KK
175 7
175 21
175 5J
175 511
175 231
175 T71
175 J83
175 K93
175 8J3
175 217
175 847
175 777
175 2T7
175 JK7
175 819
175 T29
175 259
175 679
175 889
175 399
175 47J
175 1TJ
175 3KJ
175 81K
175 74K
175 95K
175 K7K
175 18K
175 4TK
175 7JK
875 21
875 77
875 J9
875 QJ
875 Q11
875 441
875 651
875 371
875 791
875 3T1
875 QK1
875 K23
875 833
875 T43
875 JQ3
875 917
875 987
875 9T7
875 8Q7
875 119
875 819
875 T29
875 Q39
875 749
875 KK9
875 12J
875 T3J
875 54J
875 19J
875 JJJ
875 3KJ
875 J6K
875 88K
875 6KK
385 21
385 49
385 5J
385 511
385 721
385 J41
385 TT1
385 5K1
385 K23
385 343
385 553
385 763
385 J83
385 QT3
385 427
385 147
385 357
385 Q67
385 QJ7
385 819
385 Q39
385 889
385 399
385 7J9
385 3Q9
385 T3J
385 68J
385 7QJ
385 74K
385 K7K
385 KKK
T85 77
T85 J9
T85 QJ
T85 Q11
T85 581
T85 3T1
T85 6J1
T85 833
T85 483
T85 7K3
T85 J27
T85 567
T85 1Q7
T85 119
T85 329
T85 T29
T85 959
T85 J69
T85 189
T85 61J
T85 12J
T85 JJJ
T85 25K
T85 T9K
595 91
595 721
595 931
595 651
595 TT1
595 2Q1
595 9Q1
595 K23
595 343
595 763
595 QT3
595 8J3
595 427
595 637
595 147
595 847
595 567
595 Q67
595 2T7
595 T29
595 Q39
595 259
595 189
595 7J9
595 TQ9
595 26J
595 47J
595 68J
595 19J
595 89J
595 TKJ
595 81K
595 T2K
595 95K
595 4TK
595 3QK
Q95 21
Q95 JK
Q95 441
Q95 861
Q95 J13
Q95 623
Q95 Q53
Q95 483
Q95 693
Q95 1J3
Q95 7K3
Q95 917
Q95 147
Q95 357
Q95 497
Q95 9T7
Q95 QJ7
Q95 539
Q95 959
Q95 189
Q95 399
Q95 4T9
Q95 3Q9
Q95 82J
Q95 96J
Q95 11K
Q95 53K
Q95 95K
Q95 88K
Q95 6KK
7T5 7
7T5 21
7T5 91
7T5 5J
7T5 511
7T5 J41
7T5 651
7T5 861
7T5 2Q1
7T5 273
7T5 973
7T5 427
7T5 357
7T5 567
7T5 J97
7T5 469
7T5 679
7T5 889
7T5 399
7T5 7J9
7T5 3Q9
7T5 T3J
7T5 1TJ
7T5 95K
7T5 39K
7T5 KKK
3J5 7
3J5 K3
3J5 49
3J5 721
3J5 231
3J5 J41
3J5 133
3J5 483
3J5 J83
3J5 5T3
3J5 QT3
3J5 217
3J5 637
3J5 147
3J5 T57
3J5 987
3J5 2T7
3J5 QJ7
3J5 Q39
3J5 679
3J5 7J9
3J5 TQ9
3J5 26J
3J5 19J
3J5 89J
3J5 7JK
TJ5 77
TJ5 QJ
TJ5 JK
TJ5 Q11
TJ5 231
TJ5 371
TJ5 6J1
TJ5 QK1
TJ5 J13
TJ5 273
TJ5 1J3
TJ5 497
TJ5 8Q7
TJ5 819
TJ5 329
TJ5 539
TJ5 749
TJ5 959
TJ5 399
TJ5 61J
TJ5 12J
TJ5 T3J
TJ5 96J
TJ5 3KJ
TJ5 11K
TJ5 J6K
TJ5 67K
TJ5 88K
TJ5 T9K
6Q5 63
6Q5 77
6Q5 231
6Q5 791
6Q5 6J1
6Q5 623
6Q5 K37
6Q5 987
6Q5 J97
6Q5 4K7
6Q5 819
6Q5 Q39
6Q5 749
6Q5 K79
6Q5 189
6Q5 3Q9
6Q5 61J
6Q5 82J
6Q5 Q4J
KQ5 91
KQ5 49
KQ5 5J
KQ5 4K
KQ5 511
KQ5 721
KQ5 J41
KQ5 413
KQ5 763
KQ5 917
KQ5 427
KQ5 JK7
KQ5 539
KQ5 259
KQ5 469
KQ5 26J
KQ5 47J
KQ5 J7J
KQ5 Q3K
KQ5 46K
KQ5 88K
2K5 63
2K5 J9
2K5 231
2K5 651
2K5 161
2K5 T71
2K5 791
2K5 2Q1
2K5 833
2K5 483
2K5 JQ3
2K5 917
2K5 147
2K5 777
2K5 8Q7
2K5 4K7
2K5 119
2K5 329
2K5 K79
2K5 4T9
2K5 7J9
2K5 3Q9
2K5 82J
2K5 33J
2K5 J7J
2K5 8TJ
2K5 4JJ
2K5 32K
2K5 53K
2K5 67K
2K5 K7K
2K5 88K
2K5 4TK
9K5 91
9K5 KJ1
9K5 5K1
9K5 QK1
9K5 Q53
9K5 4Q3
9K5 427
9K5 847
9K5 Q67
9K5 9T7
9K5 5J7
9K5 329
9K5 959
9K5 679
9K5 K79
9K5 TQ9
9K5 K1J
9K5 47J
9K5 89J
9K5 1TJ
9K5 T9K
616 7
616 21
616 K3
616 49
616 651
616 T71
616 2Q1
616 133
616 553
616 483
616 K93
616 5T3
616 QT3
616 8J3
616 4Q3
616 T57
616 2T7
616 819
616 259
616 7J9
616 TQ9
616 82J
616 T3J
616 Q4J
616 47J
616 89J
616 TKJ
616 81K
616 T2K
616 18K
616 39K
616 4TK
K16 21
K16 J9
K16 JK
K16 TT1
K16 QK1
K16 J13
K16 K23
K16 5T3
K16 1J3
K16 147
K16 8Q7
K16 119
K16 749
K16 959
K16 J69
K16 11K
K16 67K
K16 TQK
126 7
126 77
126 4K
126 931
126 KJ1
126 9Q1
126 QK1
126 413
126 623
126 833
126 343
126 Q53
126 JQ3
126 7K3
126 917
126 427
126 J27
126 847
126 Q67
126 287
126 9T7
126 5J7
126 1Q7
126 329
126 539
126 679
126 889
126 K1J
126 33J
126 54J
126 J7J
126 89J
126 4JJ
126 TKJ
126 Q3K
126 67K
126 18K
126 3QK
826 7
826 91
826 49
826 JK
826 231
826 651
826 TT1
826 6J1
826 KJ1
826 2Q1
826 5K1
826 J13
826 1J3
826 427
826 357
826 567
826 J97
826 4K7
826 259
826 889
826 399
826 7J9
826 3Q9
826 6K9
826 61J
826 K1J
826 T3J
826 26J
826 11K
826 T2K
826 Q3K
336 91
336 J9
336 5J
336 511
336 161
336 KJ1
336 9Q1
336 833
336 343
336 553
336 763
336 J83
336 QT3
336 917
336 637
336 847
336 9T7
336 5J7
336 119
336 J69
336 T99
336 4T9
336 K1J
336 54J
336 75J
336 26J
336 96J
336 J7J
336 67K
336 JTK
336 7JK
T36 7
T36 91
T36 5J
T36 511
T36 441
T36 J41
T36 861
T36 T71
T36 5K1
T36 553
T36 973
T36 427
T36 637
T36 147
T36 Q67
T36 2T7
T36 TQ9
T36 82J
T36 47J
T36 19J
T36 TKJ
T36 32K
T36 J6K
546 J9
546 QJ
546 4K
546 Q11
546 J41
546 K51
546 5K1
546 QK1
546 413
546 343
546 553
546 Q53
546 973
546 217
546 K37
546 847
546 287
546 9T7
546 119
546 959
546 4T9
546 6K9
546 12J
546 68J
546 K8J
546 T2K
Q46 49
Q46 721
Q46 651
Q46 6J1
Q46 273
Q46 483
Q46 J83
Q46 637
Q46 147
Q46 T57
Q46 987
Q46 J97
Q46 2T7
Q46 819
Q46 T29
Q46 259
Q46 469
Q46 889
Q46 3Q9
Q46 61J
Q46 82J
Q46 T3J
Q46 3KJ
Q46 32K
Q46 95K
Q46 J6K
Q46 4TK
Q46 7JK
Q46 3QK
756 QJ
756 Q11
756 161
756 KJ1
756 9Q1
756 623
756 553
756 763
756 973
756 K93
756 4Q3
756 JQ3
756 917
756 427
756 287
756 2T7
756 749
756 259
756 889
756 K1J
756 12J
756 54J
756 68J
756 T2K
756 Q3K
756 18K
756 39K
266 21
266 371
266 581
266 791
266 TT1
266 K23
266 833
266 Q53
266 273
266 483
266 5T3
266 7K3
266 9T7
266 QJ7
266 4K7
266 329
266 T29
266 K79
266 3Q9
266 96J
266 7QJ
266 3KJ
266 32K
266 KKK
966 7
966 49
966 4K
966 J41
966 371
966 791
966 3T1
966 KJ1
966 413
966 T43
966 553
966 973
966 K93
966 QT3
966 JQ3
966 287
966 497
966 539
966 749
966 T99
966 K1J
966 89J
966 1TJ
966 8TJ
966 4JJ
966 TKJ
966 67K
966 18K
476 21
476 4K
476 JK
476 161
476 371
476 791
476 3T1
476 6J1
476 QK1
476 413
476 J13
476 K23
476 693
476 1J3
476 7K3
476 J27
476 777
476 287
476 987
476 497
476 QJ7
476 1Q7
476 Q39
476 4T9
476 KK9
476 61J
476 JJJ
476 11K
476 53K
476 67K
476 K7K
476 88K
476 T9K
476 TQK
J76 77
J76 161
J76 581
J76 623
J76 T43
J76 Q53
J76 763
J76 4Q3
J76 K37
J76 Q67
J76 497
J76 JK7
J76 259
J76 469
J76 J69
J76 889
J76 75J
J76 26J
J76 25K
J76 46K
J76 88K
686 21
686 77
686 J9
686 QJ
686 JK
686 Q11
686 861
686 TT1
686 J13
686 T43
686 Q53
686 5T3
686 1J3
686 567
686 287
686 9T7
686 5J7
686 4K7
686 119
686 329
686 K79
686 399
686 4T9
686 7J9
686 12J
686 82J
686 54J
686 Q4J
686 75J
686 96J
686 K8J
686 11K
686 32K
686 KKK
K86 91
K86 J9
K86 5J
K86 511
K86 581
K86 3T1
K86 763
K86 973
K86 J83
K86 8J3
K86 JQ3
K86 217
K86 637
K86 K37
K86 2T7
K86 119
K86 329
K86 679
K86 889
K86 6K9
K86 54J
K86 47J
K86 J7J
K86 81K
K86 46K
K86 7JK
K86 3QK
K86 TQK
K86 6KK
196 7
196 21
196 K3
196 861
196 Q81
196 TT1
196 2Q1
196 133
196 763
196 483
196 693
196 K93
196 5T3
196 8J3
196 4Q3
196 217
196 357
196 567
196 777
196 4K7
196 679
196 189
196 399
196 JT9
196 T3J
196 26J
196 47J
196 89J
196 1TJ
196 7QJ
196 81K
196 T2K
196 53K
896 63
896 QJ
896 JK
896 Q11
896 231
896 371
896 Q81
896 791
896 TT1
896 J13
896 833
896 Q53
896 693
896 1J3
896 JQ3
896 J27
896 147
896 777
896 1Q7
896 329
896 12J
896 33J
896 Q4J
896 11K
896 53K
896 46K
896 T9K
896 TQK
1T6 21
1T6 63
1T6 J9
1T6 791
1T6 JQ3
1T6 987
1T6 497
1T6 J97
1T6 119
1T6 329
1T6 539
1T6 Q39
1T6 JT9
1T6 54J
1T6 19J
1T6 7QJ
1T6 32K
1T6 53K
1T6 67K
1T6 TQK
1T6 KKK
8T6 77
8T6 49
8T6 931
8T6 QK1
8T6 623
8T6 973
8T6 8J3
8T6 4Q3
8T6 J27
8T6 847
8T6 497
8T6 5J7
8T6 1Q7
8T6 539
8T6 259
8T6 T99
8T6 KK9
8T6 96J
8T6 81K
4J6 7
4J6 K3
4J6 5J
4J6 511
4J6 J41
4J6 581
4J6 791
4J6 133
4J6 553
4J6 J83
4J6 8J3
4J6 7K3
4J6 917
4J6 427
4J6 847
4J6 JK7
4J6 259
4J6 679
4J6 4T9
4J6 54J
4J6 96J
4J6 81K
4J6 JTK
JJ6 7
JJ6 21
JJ6 K3
JJ6 5J
JJ6 511
JJ6 931
JJ6 441
JJ6 TT1
JJ6 2Q1
JJ6 133
JJ6 343
JJ6 J83
JJ6 K93
JJ6 4Q3
JJ6 217
JJ6 637
JJ6 847
JJ6 357
JJ6 987
JJ6 8Q7
JJ6 819
JJ6 Q39
JJ6 47J
JJ6 89J
JJ6 T2K
JJ6 18K
JJ6 4TK
7Q6 7
7Q6 K3
7Q6 49
7Q6 861
7Q6 TT1
7Q6 KJ1
7Q6 133
7Q6 763
7Q6 J83
7Q6 8J3
7Q6 637
7Q6 147
7Q6 T57
7Q6 QJ7
7Q6 4K7
7Q6 JK7
7Q6 T29
7Q6 679
7Q6 399
7Q6 K1J
7Q6 82J
7Q6 47J
7Q6 1TJ
7Q6 3KJ
7Q6 81K
7Q6 32K
7Q6 Q3K
7Q6 4TK
3K6 7
3K6 63
3K6 5J
3K6 511
3K6 651
3K6 T71
3K6 Q81
3K6 KJ1
3K6 2Q1
3K6 973
3K6 K93
3K6 217
3K6 847
3K6 777
3K6 987
3K6 4K7
3K6 469
3K6 189
3K6 399
3K6 JT9
3K6 K1J
3K6 82J
3K6 89J
3K6 T2K
3K6 Q3K
3K6 K7K
3K6 39K
3K6 JTK
TK6 QJ
TK6 4K
TK6 Q11
TK6 441
TK6 371
TK6 3T1
TK6 2Q1
TK6 413
TK6 K23
TK6 T43
TK6 273
TK6 J27
TK6 147
TK6 567
TK6 J97
TK6 1Q7
TK6 4K7
TK6 Q39
TK6 7J9
TK6 12J
TK6 Q4J
TK6 75J
TK6 K8J
TK6 JJJ
TK6 46K
217 7
217 63
217 K3
217 231
217 441
217 861
217 9Q1
217 5K1
217 133
217 553
217 273
217 973
217 483
217 J83
217 5T3
217 QT3
217 637
217 847
217 357
217 567
217 Q67
217 4K7
217 JK7
217 3Q9
217 82J
217 T3J
217 19J
217 32K
217 T2K
217 Q3K
217 95K
217 39K
217 3QK
917 21
917 63
917 4K
917 441
917 161
917 791
917 TT1
917 413
917 K23
917 777
917 287
917 497
917 J97
917 9T7
917 4K7
917 T29
917 82J
917 33J
917 53K
917 25K
917 88K
917 6KK
427 91
427 J41
427 K51
427 TT1
427 KJ1
427 5K1
427 693
427 K93
427 QT3
427 217
427 637
427 847
427 357
427 987
427 2T7
427 189
427 399
427 T99
427 3Q9
427 6K9
427 K1J
427 Q4J
427 3KJ
427 J6K
427 K7K
427 39K
J27 21
J27 77
J27 J9
J27 4K
J27 231
J27 651
J27 861
J27 371
J27 T71
J27 Q81
J27 3T1
J27 TT1
J27 413
J27 T43
J27 Q53
J27 273
J27 987
J27 497
J27 8Q7
J27 4K7
J27 119
J27 329
J27 Q39
J27 959
J27 33J
J27 54J
J27 Q4J
J27 JJJ
J27 74K
J27 46K
J27 K7K
J27 TQK
J27 6KK
637 7
637 21
637 63
637 K3
637 231
637 9Q1
637 133
637 553
637 973
637 693
637 K93
637 8J3
637 847
637 567
637 987
637 J97
637 QJ7
637 8Q7
637 Q39
637 679
637 889
637 3Q9
637 82J
637 T3J
637 81K
637 Q3K
637 95K
K37 JK
K37 231
K37 861
K37 6J1
K37 J13
K37 623
K37 833
K37 Q53
K37 273
K37 693
K37 5T3
K37 1J3
K37 147
K37 987
K37 497
K37 329
K37 T29
K37 Q39
K37 959
K37 189
K37 399
K37 JT9
K37 7J9
K37 KK9
K37 61J
K37 75J
K37 96J
K37 11K
K37 53K
K37 T9K
K37 4TK
147 7
147 91
147 K3
147 77
147 J9
147 QJ
147 4K
147 Q11
147 K51
147 161
147 KJ1
147 QK1
147 413
147 623
147 133
147 973
147 J83
147 217
147 427
147 K37
147 847
147 5J7
147 119
147 749
147 469
147 T99
147 TQ9
147 K1J
147 12J
147 54J
147 75J
147 96J
147 25K
147 46K
147 TQK
147 6KK
847 91
847 63
847 K3
847 49
847 441
847 J41
847 K51
847 861
847 TT1
847 6J1
847 9Q1
847 133
847 273
847 973
847 J83
847 427
847 147
847 T57
847 567
847 QJ7
847 JK7
847 Q39
847 469
847 JT9
847 6K9
847 61J
847 32K
847 T2K
847 74K
847 J6K
847 18K
847 4TK
847 JTK
357 91
357 49
357 4K
357 931
357 413
357 Q53
357 763
357 K93
357 4Q3
357 7K3
357 217
357 917
357 427
357 497
357 329
357 959
357 T99
357 54J
357 J7J
357 1TJ
357 T9K
357 7JK
T57 7
T57 49
T57 J41
T57 9Q1
T57 K23
T57 343
T57 K93
T57 637
T57 847
T57 357
T57 987
T57 4K7
T57 JK7
T57 T29
T57 189
T57 399
T57 7J9
T57 6K9
T57 T3J
T57 Q4J
T57 26J
T57 19J
T57 89J
T57 1TJ
T57 JJJ
T57 TKJ
T57 T2K
T57 53K
T57 18K
T57 4TK
T57 JTK
T57 7JK
567 7
567 K3
567 77
567 J9
567 K51
567 161
567 581
567 3T1
567 133
567 833
567 343
567 T43
567 QT3
567 217
567 917
567 K37
567 T57
567 287
567 497
567 JK7
567 119
567 329
567 539
567 679
567 4T9
567 33J
567 68J
567 89J
567 8TJ
567 T2K
567 46K
567 18K
567 88K
567 TQK
567 6KK
Q67 7
Q67 K3
Q67 441
Q67 861
Q67 T71
Q67 KJ1
Q67 5K1
Q67 133
Q67 273
Q67 K93
Q67 217
Q67 427
Q67 567
Q67 987
Q67 6K9
Q67 K1J
Q67 68J
Q67 JJJ
Q67 74K
Q67 J6K
Q67 K7K
777 91
777 721
777 371
777 QK1
777 833
777 343
777 763
777 4Q3
777 JQ3
777 217
777 637
777 847
777 Q67
777 2T7
777 9T7
777 J69
777 889
777 4T9
777 KK9
777 54J
777 68J
777 4JJ
777 67K
777 88K
777 JTK
777 7JK
777 3QK
287 77
287 J9
287 QJ
287 Q11
287 161
287 791
287 QK1
287 T43
287 273
287 917
287 357
287 567
287 987
287 J97
287 5J7
287 119
287 819
287 329
287 539
287 399
287 4T9
287 12J
287 8TJ
287 3KJ
287 53K
287 25K
287 46K
287 88K
287 TQK
987 49
987 5J
987 511
987 J41
987 161
987 KJ1
987 5K1
987 553
987 Q53
987 J83
987 QT3
987 8J3
987 917
987 427
987 847
987 287
987 2T7
987 749
987 469
987 K79
987 4T9
987 TQ9
987 KK9
987 K1J
987 26J
987 68J
987 81K
987 T2K
987 3QK
497 21
497 63
497 4K
497 161
497 3T1
497 TT1
497 6J1
497 413
497 623
497 K23
497 833
497 273
497 483
497 7K3
497 567
497 7J9
497 61J
497 82J
497 33J
497 T3J
497 J7J
497 19J
497 JJJ
497 32K
497 67K
497 88K
497 4TK
J97 49
J97 721
J97 K51
J97 161
J97 371
J97 343
J97 553
J97 Q53
J97 K93
J97 JQ3
J97 7K3
J97 917
J97 J27
J97 637
J97 1Q7
J97 329
J97 539
J97 J69
J97 K79
J97 T2K
J97 67K
2T7 7
2T7 21
2T7 91
2T7 63
2T7 5J
2T7 511
2T7 861
2T7 T71
2T7 TT1
2T7 KJ1
2T7 553
2T7 273
2T7 K93
2T7 5T3
2T7 357
2T7 Q67
2T7 987
2T7 4K7
2T7 Q39
2T7 189
2T7 889
2T7 399
2T7 T99
2T7 7J9
2T7 TQ9
2T7 K1J
2T7 47J
2T7 JJJ
2T7 7QJ
2T7 32K
2T7 T2K
2T7 K7K
9T7 J9
9T7 JK
9T7 231
9T7 161
9T7 861
9T7 TT1
9T7 J13
9T7 833
9T7 693
9T7 1J3
9T7 JQ3
9T7 K37
9T7 147
9T7 567
9T7 119
9T7 T29
9T7 539
9T7 K79
9T7 399
9T7 3Q9
9T7 KK9
9T7 Q4J
9T7 75J
9T7 7QJ
9T7 3KJ
9T7 11K
9T7 74K
9T7 46K
5J7 231
5J7 371
5J7 791
5J7 TT1
5J7 K23
5J7 J27
5J7 287
5J7 987
5J7 QJ7
5J7 1Q7
5J7 819
5J7 329
5J7 J69
5J7 K79
5J7 399
5J7 3Q9
5J7 KK9
5J7 T3J
5J7 54J
5J7 96J
5J7 8TJ
5J7 7QJ
5J7 67K
5J7 88K
5J7 T9K
QJ7 5J
QJ7 511
QJ7 371
QJ7 581
QJ7 791
QJ7 Q53
QJ7 J83
QJ7 8J3
QJ7 JQ3
QJ7 637
QJ7 T57
QJ7 T99
QJ7 6K9
QJ7 33J
QJ7 54J
QJ7 47J
QJ7 J7J
QJ7 4JJ
QJ7 81K
QJ7 T2K
QJ7 Q3K
QJ7 TQK
1Q7 21
1Q7 77
1Q7 J9
1Q7 4K
1Q7 231
1Q7 651
1Q7 861
1Q7 371
1Q7 T71
1Q7 Q81
1Q7 3T1
1Q7 TT1
1Q7 413
1Q7 T43
1Q7 Q53
1Q7 273
1Q7 987
1Q7 497
1Q7 8Q7
1Q7 4K7
1Q7 119
1Q7 329
1Q7 Q39
1Q7 959
1Q7 33J
1Q7 54J
1Q7 Q4J
1Q7 JJJ
1Q7 74K
1Q7 46K
1Q7 K7K
1Q7 TQK
1Q7 6KK
8Q7 91
8Q7 49
8Q7 QJ
8Q7 4K
8Q7 Q11
8Q7 J41
8Q7 791
8Q7 5K1
8Q7 413
8Q7 J83
8Q7 K93
8Q7 QT3
8Q7 217
8Q7 J27
8Q7 637
8Q7 1Q7
8Q7 329
8Q7 539
8Q7 749
8Q7 259
8Q7 959
8Q7 12J
8Q7 54J
8Q7 J7J
8Q7 89J
8Q7 Q3K
8Q7 25K
8Q7 46K
8Q7 67K
8Q7 18K
4K7 91
4K7 49
4K7 QJ
4K7 Q11
4K7 161
4K7 371
4K7 791
4K7 KJ1
4K7 5K1
4K7 623
4K7 553
4K7 QT3
4K7 JQ3
4K7 917
4K7 427
4K7 J27
4K7 637
4K7 2T7
4K7 5J7
4K7 1Q7
4K7 JK7
4K7 959
4K7 469
4K7 889
4K7 K1J
4K7 12J
4K7 68J
4K7 1TJ
4K7 Q3K
4K7 46K
4K7 39K
JK7 91
JK7 721
JK7 231
JK7 2Q1
JK7 693
JK7 K93
JK7 QT3
JK7 147
JK7 987
JK7 J97
JK7 679
JK7 889
JK7 TQ9
JK7 Q4J
JK7 26J
JK7 7QJ
JK7 32K
JK7 95K
JK7 JTK
JK7 3QK
518 77
518 J9
518 651
518 T71
518 2Q1
518 K23
518 693
518 917
518 J27
518 K37
518 147
518 357
518 497
518 J97
518 QJ7
518 1Q7
518 4K7
518 119
518 329
518 539
518 189
518 33J
518 96J
518 25K
518 46K
518 4TK
Q18 7
Q18 K3
Q18 J9
Q18 QJ
Q18 Q11
Q18 QK1
Q18 133
Q18 343
Q18 553
Q18 J83
Q18 K93
Q18 4Q3
Q18 427
Q18 637
Q18 847
Q18 Q67
Q18 497
Q18 2T7
Q18 5J7
Q18 119
Q18 329
Q18 539
Q18 959
Q18 469
Q18 K79
Q18 6K9
Q18 12J
Q18 26J
Q18 96J
Q18 J7J
Q18 K8J
Q18 89J
Q18 Q3K
Q18 25K
Q18 18K
728 4K
728 JK
728 231
728 861
728 371
728 T71
728 Q81
728 791
728 6J1
728 QK1
728 413
728 J13
728 623
728 K23
728 833
728 1J3
728 J27
728 K37
728 147
728 5J7
728 1Q7
728 329
728 749
728 J69
728 3Q9
728 61J
728 96J
728 J7J
728 K8J
728 4JJ
728 11K
728 46K
728 67K
238 91
238 K3
238 49
238 231
238 861
238 Q81
238 TT1
238 9Q1
238 133
238 273
238 J83
238 217
238 427
238 987
238 QJ7
238 4K7
238 JK7
238 889
238 399
238 7J9
238 3Q9
238 6K9
238 89J
238 3KJ
238 Q3K
238 74K
238 J6K
238 39K
938 77
938 4K
938 JK
938 231
938 651
938 371
938 T71
938 413
938 J13
938 623
938 T43
938 Q53
938 273
938 1J3
938 7K3
938 567
938 329
938 539
938 4T9
938 JT9
938 7J9
938 3Q9
938 82J
938 T3J
938 75J
938 11K
938 32K
938 25K
938 95K
938 67K
938 88K
938 TQK
448 7
448 K3
448 231
448 441
448 J41
448 K51
448 861
448 T71
448 6J1
448 2Q1
448 5K1
448 133
448 763
448 4Q3
448 637
448 T57
448 567
448 259
448 469
448 JT9
448 61J
448 68J
448 3KJ
448 T2K
448 K7K
448 18K
448 JTK
J48 77
J48 651
J48 161
J48 Q81
J48 791
J48 623
J48 K23
J48 273
J48 5T3
J48 JQ3
J48 357
J48 497
J48 9T7
J48 8Q7
J48 819
J48 T29
J48 J69
J48 399
J48 3Q9
J48 54J
J48 Q4J
J48 96J
J48 19J
J48 95K
J48 4TK
J48 6KK
658 7
658 21
658 91
658 231
658 441
658 Q81
658 5K1
658 K23
658 343
658 553
658 763
658 J83
658 693
658 8J3
658 847
658 777
658 2T7
658 819
658 399
658 T99
658 81K
658 53K
658 95K
658 18K
658 4TK
K58 21
K58 J9
K58 QJ
K58 Q11
K58 651
K58 T71
K58 581
K58 791
K58 3T1
K58 833
K58 T43
K58 483
K58 987
K58 497
K58 119
K58 189
K58 399
K58 JT9
K58 3Q9
K58 12J
K58 33J
K58 75J
K58 4JJ
K58 32K
K58 53K
K58 88K
168 7
168 K3
168 77
168 QJ
168 Q11
168 721
168 931
168 161
168 581
168 791
168 9Q1
168 5K1
168 133
168 343
168 763
168 J83
168 4Q3
168 427
168 637
168 847
168 T57
168 497
168 539
168 749
168 959
168 679
168 K79
168 4T9
168 TQ9
168 12J
168 33J
168 J7J
168 4JJ
168 46K
168 67K
168 18K
168 88K
168 3QK
168 6KK
868 91
868 63
868 JK
868 931
868 K51
868 861
868 T71
868 J13
868 973
868 K93
868 QT3
868 1J3
868 8J3
868 147
868 847
868 Q67
868 QJ7
868 8Q7
868 469
868 679
868 TQ9
868 82J
868 68J
868 19J
868 1TJ
868 11K
868 81K
868 74K
868 39K
868 7JK
378 7
378 91
378 49
378 QJ
378 4K
378 Q11
378 931
378 581
378 413
378 343
378 T43
378 Q53
378 973
378 637
378 847
378 Q67
378 2T7
378 9T7
378 259
378 J69
378 T99
378 4T9
378 TQ9
378 6K9
378 12J
378 54J
378 26J
378 K8J
378 8TJ
378 39K
378 T9K
T78 91
T78 5J
T78 511
T78 K51
T78 T71
T78 6J1
T78 KJ1
T78 9Q1
T78 553
T78 J83
T78 427
T78 T57
T78 567
T78 777
T78 J97
T78 Q39
T78 469
T78 679
T78 189
T78 889
T78 399
T78 T99
T78 3Q9
T78 61J
T78 K1J
T78 47J
T78 89J
T78 95K
T78 39K
588 J9
588 4K
588 J41
588 371
588 KJ1
588 5K1
588 413
588 623
588 T43
588 Q53
588 4Q3
588 7K3
588 917
588 427
588 847
588 Q67
588 119
588 329
588 959
588 469
588 K79
588 889
588 TQ9
588 K1J
588 33J
588 K8J
588 89J
588 1TJ
588 8TJ
588 Q3K
588 88K
588 T9K
Q88 91
Q88 5J
Q88 511
Q88 931
Q88 Q81
Q88 5K1
Q88 273
Q88 217
Q88 567
Q88 777
Q88 J97
Q88 QJ7
Q88 4K7
Q88 819
Q88 399
Q88 6K9
Q88 T3J
Q88 47J
Q88 68J
Q88 JJJ
Q88 TKJ
Q88 32K
Q88 T2K
Q88 18K
Q88 4TK
Q88 JTK
Q88 7JK
798 77
798 5J
798 511
798 J41
798 581
798 791
798 9Q1
798 623
798 217
798 287
798 539
798 469
798 K79
798 T99
798 TQ9
798 96J
798 68J
798 4JJ
798 67K
798 JTK
3T8 7
3T8 K51
3T8 791
3T8 9Q1
3T8 QK1
3T8 623
3T8 553
3T8 763
3T8 J83
3T8 K93
3T8 8J3
3T8 917
3T8 847
3T8 5J7
3T8 329
3T8 K79
3T8 889
3T8 54J
3T8 47J
3T8 81K
3T8 Q3K
3T8 46K
3T8 67K
TT8 91
TT8 63
TT8 49
TT8 721
TT8 441
TT8 J41
TT8 Q81
TT8 TT1
TT8 9Q1
TT8 763
TT8 J83
TT8 K93
TT8 5T3
TT8 567
TT8 777
TT8 T29
TT8 Q39
TT8 469
TT8 TQ9
TT8 T3J
TT8 3KJ
TT8 T2K
TT8 KKK
6J8 7
6J8 21
6J8 49
6J8 721
6J8 441
6J8 J41
6J8 Q81
6J8 9Q1
6J8 763
6J8 J83
6J8 693
6J8 637
6J8 847
6J8 2T7
6J8 QJ7
6J8 4K7
6J8 JK7
6J8 819
6J8 259
6J8 889
6J8 T99
6J8 3Q9
6J8 26J
6J8 19J
6J8 T2K
6J8 39K
6J8 JTK
KJ8 63
KJ8 T71
KJ8 581
KJ8 QK1
KJ8 T43
KJ8 273
KJ8 693
KJ8 K37
KJ8 147
KJ8 357
KJ8 777
KJ8 8Q7
KJ8 749
KJ8 7J9
KJ8 33J
KJ8 J7J
2Q8 7
2Q8 21
2Q8 231
2Q8 441
2Q8 T71
2Q8 TT1
2Q8 9Q1
2Q8 5K1
2Q8 K23
2Q8 343
2Q8 273
2Q8 483
2Q8 693
2Q8 5T3
2Q8 637
2Q8 147
2Q8 567
2Q8 8Q7
2Q8 4K7
2Q8 469
2Q8 889
2Q8 JT9
2Q8 82J
2Q8 J6K
9Q8 63
9Q8 77
9Q8 231
9Q8 791
9Q8 6J1
9Q8 623
9Q8 K23
9Q8 Q53
9Q8 917
9Q8 J27
9Q8 567
9Q8 777
9Q8 497
9Q8 J97
9Q8 1Q7
9Q8 Q39
9Q8 959
9Q8 61J
9Q8 T3J
9Q8 19J
9Q8 74K
9Q8 25K
9Q8 46K
9Q8 67K
5K8 J9
5K8 JK
5K8 T71
5K8 Q81
5K8 791
5K8 6J1
5K8 J13
5K8 1J3
5K8 917
5K8 147
5K8 5J7
5K8 4K7
5K8 119
5K8 329
5K8 T29
5K8 J69
5K8 399
5K8 61J
5K8 Q4J
5K8 75J
5K8 K8J
5K8 11K
5K8 95K
QK8 7
QK8 931
QK8 J41
QK8 161
QK8 KJ1
QK8 343
QK8 QT3
QK8 847
QK8 T57
QK8 287
QK8 497
QK8 9T7
QK8 259
QK8 469
QK8 679
QK8 T99
QK8 K1J
QK8 33J
QK8 67K
QK8 T9K
QK8 6KK
119 63
119 231
119 651
119 861
119 371
119 6J1
119 K23
119 Q53
119 693
119 JQ3
119 147
119 287
119 QJ7
119 8Q7
119 819
119 329
119 539
119 749
119 959
119 J69
119 K79
119 189
119 3Q9
119 KK9
119 61J
119 33J
119 54J
119 8TJ
119 53K
119 4TK
819 7
819 J9
819 QJ
819 Q11
819 931
819 K51
819 161
819 371
819 3T1
819 833
819 763
819 287
819 497
819 9T7
819 119
819 259
819 J69
819 889
819 12J
819 75J
819 26J
819 J7J
819 TKJ
819 88K
819 JTK
329 21
329 J9
329 4K
329 651
329 861
329 T71
329 3T1
329 TT1
329 2Q1
329 QK1
329 413
329 833
329 T43
329 Q53
329 JQ3
329 J27
329 357
329 777
329 287
329 9T7
329 5J7
329 QJ7
329 1Q7
329 8Q7
329 119
329 959
329 J69
329 399
329 3Q9
329 82J
329 33J
329 75J
329 25K
329 67K
329 88K
T29 7
T29 91
T29 5J
T29 QJ
T29 511
T29 Q11
T29 K51
T29 581
T29 QK1
T29 623
T29 T43
T29 973
T29 K93
T29 217
T29 T57
T29 JK7
T29 329
T29 749
T29 959
T29 679
T29 12J
T29 26J
T29 8TJ
T29 TKJ
T29 46K
T29 39K
T29 7JK
539 21
539 J9
539 651
539 161
539 Q81
539 6J1
539 Q53
539 483
539 7K3
539 K37
539 567
539 287
539 987
539 9T7
539 4K7
539 119
539 329
539 Q39
539 959
539 J69
539 4T9
539 3Q9
539 KK9
539 61J
539 75J
539 8TJ
539 32K
539 25K
539 95K
Q39 91
Q39 K3
Q39 49
Q39 J41
Q39 791
Q39 133
Q39 763
Q39 J83
Q39 K93
Q39 4Q3
Q39 917
Q39 637
Q39 T57
Q39 889
Q39 T99
Q39 54J
Q39 96J
Q39 68J
Q39 4JJ
Q39 18K
Q39 3QK
749 63
749 77
749 231
749 861
749 371
749 6J1
749 623
749 K23
749 833
749 T43
749 483
749 693
749 JQ3
749 147
749 497
749 J97
749 539
749 959
749 K79
749 399
749 61J
749 Q4J
749 96J
749 J7J
749 K8J
749 95K
749 46K
749 J6K
749 4TK
749 KKK
259 63
259 K3
259 JK
259 K51
259 861
259 6J1
259 9Q1
259 J13
259 133
259 343
259 273
259 973
259 J83
259 K93
259 QT3
259 1J3
259 427
259 147
259 819
259 T29
259 679
259 399
259 JT9
259 61J
259 Q4J
259 26J
259 47J
259 11K
259 53K
259 Q3K
259 95K
259 K7K
959 63
959 77
959 623
959 K23
959 833
959 917
959 9T7
959 819
959 539
959 Q39
959 K79
959 4T9
959 JT9
959 7J9
959 54J
959 J7J
959 7QJ
959 32K
959 25K
959 K7K
959 88K
469 21
469 63
469 5J
469 511
469 721
469 231
469 K51
469 KJ1
469 2Q1
469 9Q1
469 343
469 553
469 973
469 K93
469 5T3
469 QT3
469 8J3
469 427
469 147
469 847
469 987
469 8Q7
469 T29
469 Q39
469 399
469 7J9
469 3Q9
469 TQ9
469 6K9
469 K1J
469 47J
469 JJJ
469 81K
469 T2K
469 Q3K
469 74K
469 39K
469 4TK
469 7JK
J69 21
J69 J9
J69 231
J69 161
J69 Q81
J69 791
J69 2Q1
J69 QK1
J69 833
J69 273
J69 693
J69 J27
J69 147
J69 357
J69 567
J69 497
J69 J97
J69 1Q7
J69 8Q7
J69 119
J69 819
J69 329
J69 539
J69 749
J69 3Q9
J69 KK9
J69 75J
J69 4JJ
J69 3KJ
J69 25K
J69 95K
J69 46K
J69 67K
J69 4TK
J69 TQK
J69 6KK
679 7
679 5J
679 511
679 721
679 TT1
679 KJ1
679 2Q1
679 273
679 147
679 567
679 819
679 T29
679 889
679 3Q9
679 6K9
679 K1J
679 T3J
679 89J
679 JJJ
679 TKJ
679 Q3K
679 18K
679 4TK
679 JTK
679 KKK
K79 63
K79 4K
K79 231
K79 441
K79 161
K79 861
K79 581
K79 Q81
K79 6J1
K79 413
K79 623
K79 T43
K79 5T3
K79 J27
K79 1Q7
K79 8Q7
K79 819
K79 539
K79 959
K79 JT9
K79 61J
K79 33J
K79 3KJ
K79 32K
K79 25K
K79 J6K
K79 67K
K79 4TK
189 7
189 91
189 77
189 49
189 J9
189 5J
189 4K
189 511
189 721
189 J41
189 3T1
189 413
189 763
189 217
189 427
189 637
189 K37
189 119
189 539
189 749
189 469
189 J69
189 889
189 T99
189 4T9
189 KK9
189 68J
189 89J
189 8TJ
189 TKJ
189 T2K
189 46K
189 TQK
889 21
889 91
889 721
889 231
889 931
889 K51
889 861
889 Q81
889 553
889 973
889 QT3
889 217
889 357
889 T57
889 567
889 2T7
889 8Q7
889 T29
889 259
889 82J
889 T3J
889 JJJ
889 74K
889 95K
889 39K
399 7
399 77
399 5J
399 QJ
399 4K
399 511
399 Q11
399 KJ1
399 9Q1
399 5K1
399 QK1
399 413
399 623
399 833
399 973
399 7K3
399 917
399 J27
399 K37
399 Q67
399 287
399 1Q7
399 329
399 539
399 749
399 259
399 679
399 4T9
399 KK9
399 K1J
399 12J
399 26J
399 4JJ
399 T2K
399 25K
399 46K
399 67K
399 JTK
T99 7
T99 K3
T99 721
T99 931
T99 K51
T99 6J1
T99 K23
T99 133
T99 343
T99 763
T99 K93
T99 5T3
T99 427
T99 357
T99 567
T99 987
T99 259
T99 889
T99 399
T99 3Q9
T99 TQ9
T99 61J
T99 Q4J
T99 3KJ
T99 53K
T99 3QK
T99 KKK
4T9 77
4T9 J9
4T9 231
4T9 441
4T9 861
4T9 371
4T9 2Q1
4T9 QK1
4T9 917
4T9 147
4T9 357
4T9 J97
4T9 9T7
4T9 8Q7
4T9 4K7
4T9 119
4T9 819
4T9 749
4T9 959
4T9 J69
4T9 K79
4T9 399
4T9 7J9
4T9 96J
4T9 19J
4T9 3KJ
4T9 53K
4T9 46K
4T9 67K
4T9 K7K
4T9 88K
4T9 6KK
JT9 5K1
JT9 QK1
JT9 763
JT9 K93
JT9 7K3
JT9 K37
JT9 847
JT9 539
JT9 469
JT9 J69
JT9 KK9
JT9 33J
JT9 75J
JT9 K8J
JT9 8TJ
JT9 4JJ
7J9 3T1
7J9 5K1
7J9 833
7J9 Q53
7J9 973
7J9 J83
7J9 QT3
7J9 7K3
7J9 217
7J9 917
7J9 427
7J9 J27
7J9 287
7J9 5J7
7J9 1Q7
7J9 539
7J9 679
7J9 K79
7J9 6K9
7J9 54J
7J9 26J
7J9 47J
7J9 68J
7J9 1TJ
7J9 4JJ
7J9 JTK
7J9 6KK
3Q9 K3
3Q9 77
3Q9 931
3Q9 J41
3Q9 371
3Q9 3T1
3Q9 9Q1
3Q9 QK1
3Q9 133
3Q9 833
3Q9 553
3Q9 QT3
3Q9 4Q3
3Q9 5J7
3Q9 749
3Q9 959
3Q9 469
3Q9 6K9
3Q9 54J
3Q9 75J
3Q9 K8J
3Q9 8TJ
3Q9 4JJ
3Q9 Q3K
3Q9 46K
3Q9 TQK
TQ9 63
TQ9 5J
TQ9 511
TQ9 441
TQ9 861
TQ9 TT1
TQ9 K23
TQ9 973
TQ9 693
TQ9 K93
TQ9 217
TQ9 2T7
TQ9 QJ7
TQ9 JK7
TQ9 T29
TQ9 Q39
TQ9 259
TQ9 469
TQ9 3Q9
TQ9 26J
TQ9 1TJ
TQ9 TKJ
TQ9 53K
TQ9 K7K
TQ9 18K
TQ9 39K
6K9 5J
6K9 JK
6K9 511
6K9 931
6K9 K51
6K9 6J1
6K9 J13
6K9 K23
6K9 763
6K9 J83
6K9 1J3
6K9 8J3
6K9 637
6K9 777
6K9 J97
6K9 2T7
6K9 819
6K9 189
6K9 399
6K9 7J9
6K9 61J
6K9 68J
6K9 19J
6K9 7QJ
6K9 3KJ
6K9 TKJ
6K9 11K
6K9 81K
6K9 4TK
6K9 3QK
KK9 77
KK9 J9
KK9 QJ
KK9 4K
KK9 Q11
KK9 231
KK9 161
KK9 T71
KK9 Q81
KK9 TT1
KK9 2Q1
KK9 413
KK9 T43
KK9 483
KK9 777
KK9 287
KK9 8Q7
KK9 119
KK9 539
KK9 749
KK9 959
KK9 K79
KK9 7J9
KK9 12J
KK9 T3J
KK9 JJJ
KK9 67K
KK9 TQK
51T 91
51T 63
51T 231
51T 2Q1
51T 343
51T 973
51T 483
51T J83
51T 8J3
51T 637
51T 147
51T 777
51T J97
51T 2T7
51T T3J
51T 47J
51T TKJ
51T 81K
51T 32K
51T 4TK
51T 7JK
Q1T 441
Q1T 6J1
Q1T 2Q1
Q1T 623
Q1T 833
Q1T JQ3
Q1T 567
Q1T 287
Q1T 4T9
Q1T 61J
Q1T 33J
Q1T 4JJ
Q1T 74K
Q1T 25K
72T 7
72T K3
72T 49
72T 231
72T TT1
72T 5K1
72T 133
72T 343
72T 273
72T 483
72T 5T3
72T QT3
72T 217
72T 427
72T 637
72T 147
72T 847
72T T57
72T 777
72T 469
72T 189
72T 7J9
72T 3Q9
72T 6K9
72T T3J
72T 47J
72T 68J
72T 19J
72T 89J
72T 95K
72T K7K
72T 18K
23T 7
23T 91
23T K3
23T J9
23T 721
23T 931
23T 371
23T 3T1
23T KJ1
23T 9Q1
23T QK1
23T 133
23T T43
23T Q53
23T 973
23T J83
23T JQ3
23T 7K3
23T 917
23T 427
23T K37
23T Q67
23T 287
23T 2T7
23T 119
23T 329
23T 259
23T 469
23T 679
23T K1J
23T 75J
23T K8J
23T 4JJ
23T TKJ
23T T2K
23T 25K
23T 67K
23T 39K
23T JTK
93T 91
93T 5J
93T JK
93T 511
93T 721
93T 651
93T T71
93T 6J1
93T 5K1
93T J13
93T 1J3
93T 217
93T 427
93T Q67
93T 777
93T 7J9
93T 61J
93T 11K
93T T2K
93T K7K
93T 39K
44T 7
44T J9
44T K51
44T 161
44T 3T1
44T 9Q1
44T Q53
44T J83
44T K93
44T 8J3
44T 4Q3
44T Q67
44T 119
44T 749
44T 469
44T 889
44T T99
44T 33J
44T 75J
44T 26J
44T K8J
44T 81K
44T Q3K
44T 39K
44T 7JK
J4T 7
J4T 21
J4T K3
J4T JK
J4T 931
J4T 651
J4T 6J1
J4T KJ1
J4T J13
J4T 133
J4T 343
J4T 1J3
J4T 637
J4T 147
J4T 357
J4T 987
J4T 2T7
J4T QJ7
J4T 4K7
J4T JK7
J4T 819
J4T 889
J4T 7J9
J4T 6K9
J4T 61J
J4T K1J
J4T T3J
J4T 26J
J4T JJJ
J4T 7QJ
J4T 11K
J4T 53K
J4T 18K
J4T JTK
J4T 3QK
65T 5J
65T 511
65T 791
65T KJ1
65T 623
65T 833
65T T43
65T 553
65T K93
65T QT3
65T JQ3
65T K37
65T 497
65T 2T7
65T 539
65T T99
65T 4T9
65T K1J
65T 54J
65T 26J
65T T2K
65T 25K
65T 46K
65T 67K
65T 39K
65T 6KK
K5T 7
K5T 21
K5T 91
K5T 63
K5T 5J
K5T JK
K5T 511
K5T 931
K5T T71
K5T 5K1
K5T J13
K5T K23
K5T 553
K5T 973
K5T 693
K5T QT3
K5T 1J3
K5T 147
K5T 567
K5T 4K7
K5T JK7
K5T T29
K5T 399
K5T 6K9
K5T 82J
K5T 26J
K5T JJJ
K5T 3KJ
K5T 11K
K5T 32K
K5T 53K
K5T 74K
K5T J6K
K5T 4TK
16T 21
16T 77
16T J9
16T QJ
16T 4K
16T Q11
16T 441
16T 861
16T T71
16T 3T1
16T QK1
16T 413
16T 623
16T K23
16T T43
16T 567
16T 9T7
16T 5J7
16T 4K7
16T 119
16T 819
16T 329
16T 539
16T 749
16T 959
16T J69
16T 7J9
16T 3Q9
16T 12J
16T Q4J
16T K8J
16T JJJ
16T 46K
16T 67K
16T 88K
86T 7
86T 49
86T 161
86T 3T1
86T QK1
86T Q53
86T J27
86T K37
86T T57
86T Q67
86T 497
86T 9T7
86T 1Q7
86T 749
86T 469
86T 889
86T 26J
86T 89J
86T Q3K
86T 25K
86T 18K
86T 39K
86T 3QK
37T 21
37T J9
37T QJ
37T Q11
37T 441
37T 651
37T T71
37T T43
37T Q53
37T 147
37T 357
37T 287
37T J97
37T 9T7
37T QJ7
37T 119
37T 959
37T J69
37T 189
37T 4T9
37T JT9
37T 12J
37T 54J
37T K8J
37T 67K
37T 4TK
37T 6KK
T7T K3
T7T 5J
T7T 511
T7T 721
T7T J41
T7T K51
T7T 9Q1
T7T 133
T7T Q53
T7T QT3
T7T 917
T7T J27
T7T 637
T7T K37
T7T T57
T7T 497
T7T 1Q7
T7T 539
T7T 749
T7T 259
T7T 679
T7T T99
T7T 4T9
T7T 96J
T7T 47J
T7T K8J
T7T 39K
T7T JTK
T7T 6KK
58T 21
58T 63
58T J9
58T Q81
58T 3T1
58T 693
58T 917
58T K37
58T 357
58T 777
58T 287
58T 9T7
58T 5J7
58T 119
58T 819
58T T29
58T J69
58T K79
58T 7J9
58T T3J
58T J7J
58T 19J
58T 7QJ
58T 46K
58T 67K
58T K7K
58T 88K
58T T9K
Q8T 7
Q8T K51
Q8T 371
Q8T 581
Q8T 791
Q8T KJ1
Q8T 623
Q8T 833
Q8T 553
Q8T Q67
Q8T 497
Q8T 2T7
Q8T JK7
Q8T 329
Q8T 539
Q8T J69
Q8T K79
Q8T KK9
Q8T K1J
Q8T 96J
Q8T 47J
Q8T T2K
Q8T 6KK
79T 77
79T 161
79T 861
79T 371
79T TT1
79T 273
79T 693
79T 917
79T 567
79T 819
79T 329
79T J69
79T 399
79T JT9
79T KK9
79T Q4J
79T 19J
79T 8TJ
79T J6K
79T KKK
3TT 77
3TT J9
3TT JK
3TT 231
3TT 651
3TT 791
3TT TT1
3TT J13
3TT K23
3TT 273
3TT 1J3
3TT 357
3TT 119
3TT Q39
3TT 959
3TT J69
3TT 4T9
3TT KK9
3TT J7J
3TT 8TJ
3TT 3KJ
3TT 11K
TTT K3
TTT 49
TTT 581
TTT 791
TTT 133
TTT 343
TTT Q53
TTT 763
TTT 4Q3
TTT J27
TTT Q67
TTT 9T7
TTT 5J7
TTT 1Q7
TTT 329
TTT 539
TTT 469
TTT 4T9
TTT TQ9
TTT 68J
TTT 8TJ
TTT 46K
6JT QJ
6JT Q11
6JT 721
6JT 581
6JT 3T1
6JT QK1
6JT 343
6JT T43
6JT 637
6JT 539
6JT 469
6JT J69
6JT 12J
6JT 75J
6JT 96J
6JT J7J
6JT 68J
6JT K8J
6JT 4JJ
6JT 25K
6JT 67K
6JT JTK
KJT 91
KJT JK
KJT 931
KJT J41
KJT 651
KJT TT1
KJT J13
KJT K23
KJT 763
KJT 1J3
KJT 637
KJT Q67
KJT JT9
KJT 7J9
KJT 82J
KJT JJJ
KJT 11K
KJT 53K
KJT Q3K
KJT J6K
KJT K7K
KJT 3QK
2QT 91
2QT K3
2QT 77
2QT 49
2QT J9
2QT J41
2QT 791
2QT 9Q1
2QT 133
2QT 833
2QT QT3
2QT 217
2QT K37
2QT 2T7
2QT 9T7
2QT 5J7
2QT 119
2QT 329
2QT 749
2QT 259
2QT J69
2QT K79
2QT 889
2QT 4T9
2QT KK9
2QT 54J
2QT 68J
2QT K8J
2QT 89J
2QT TKJ
2QT T2K
2QT 25K
9QT 91
9QT 63
9QT 861
9QT 553
9QT 357
9QT 567
9QT 819
9QT T29
9QT 259
9QT 679
9QT 82J
9QT 47J
9QT 89J
9QT T2K
9QT 39K
9QT 3QK
5KT 21
5KT 63
5KT K3
5KT JK
5KT J41
5KT KJ1
5KT 2Q1
5KT 9Q1
5KT J13
5KT K23
5KT 133
5KT 343
5KT 273
5KT 5T3
5KT 1J3
5KT 8J3
5KT 847
5KT 357
5KT 2T7
5KT 819
5KT T29
5KT Q39
5KT 679
5KT 189
5KT TQ9
5KT K1J
5KT T3J
5KT 26J
5KT 47J
5KT 89J
5KT 1TJ
5KT JJJ
5KT TKJ
5KT 11K
5KT 81K
5KT 32K
5KT T2K
5KT 95K
5KT 39K
5KT 4TK
QKT 21
QKT 581
QKT 3T1
QKT TT1
QKT 7K3
QKT 357
QKT 987
QKT 4K7
QKT 4T9
QKT 33J
QKT 8TJ
QKT 4JJ
QKT 74K
QKT 88K
QKT TQK
61J 7
61J 91
61J J9
61J 5J
61J 511
61J 931
61J 581
61J 791
61J 343
61J T43
61J 553
61J 763
61J 973
61J 637
61J 847
61J T57
61J Q67
61J 9T7
61J 119
61J T99
61J 33J
61J 1TJ
61J 8TJ
61J 4JJ
61J 39K
K1J 7
K1J 21
K1J K3
K1J 931
K1J J41
K1J 651
K1J K51
K1J 133
K1J 343
K1J 693
K1J 5T3
K1J 4Q3
K1J 217
K1J 147
K1J 847
K1J 987
K1J 2T7
K1J QJ7
K1J JK7
K1J 399
K1J T99
K1J 19J
K1J JJJ
K1J 7QJ
K1J 53K
K1J 3QK
K1J KKK
12J 4K
12J 161
12J 371
12J T71
12J 6J1
12J 2Q1
12J 413
12J T43
12J 273
12J 693
12J 147
12J 567
12J 987
12J J97
12J 4K7
12J T29
12J Q39
12J 959
12J J69
12J JT9
12J 61J
12J 33J
12J 75J
12J J7J
12J 67K
82J 7
82J 49
82J 4K
82J 413
82J T43
82J Q53
82J JQ3
82J 7K3
82J 847
82J 9T7
82J 889
82J 26J
82J J7J
82J 68J
82J TKJ
82J 46K
82J 18K
82J T9K
82J 3QK
33J 21
33J 63
33J T71
33J QK1
33J 623
33J Q53
33J 5T3
33J 147
33J 987
33J J97
33J 819
33J Q39
33J 189
33J JT9
33J 3Q9
33J 82J
33J 96J
33J J7J
33J 3KJ
33J 74K
33J 25K
33J 67K
33J 4TK
T3J 7
T3J K3
T3J 77
T3J 721
T3J 161
T3J 581
T3J KJ1
T3J 5K1
T3J 133
T3J 343
T3J J83
T3J JQ3
T3J 427
T3J 637
T3J 287
T3J 5J7
T3J 329
T3J 539
T3J 679
T3J K79
T3J KK9
T3J K1J
T3J 89J
T3J T2K
T3J 46K
T3J 39K
T3J T9K
T3J 7JK
54J 441
54J 651
54J 161
54J 581
54J 273
54J 147
54J 567
54J 5J7
54J 819
54J T29
54J J69
54J K79
54J 189
54J 399
54J KK9
54J Q4J
54J J7J
54J 8TJ
54J 53K
54J 67K
54J 88K
54J 4TK
Q4J J9
Q4J 4K
Q4J 413
Q4J Q53
Q4J 8J3
Q4J 7K3
Q4J 917
Q4J 287
Q4J 497
Q4J 5J7
Q4J JK7
Q4J 119
Q4J 469
Q4J T99
Q4J 6K9
Q4J KK9
Q4J 54J
Q4J 75J
Q4J 26J
Q4J 81K
Q4J 18K
Q4J JTK
75J 63
75J 371
75J Q81
75J 791
75J 6J1
75J 2Q1
75J 623
75J 483
75J 693
75J 5T3
75J 917
75J 987
75J 4K7
75J 819
75J 539
75J JT9
75J 61J
75J 82J
75J K8J
75J 19J
75J 8TJ
75J 4JJ
75J 95K
75J 46K
75J J6K
75J 67K
26J 91
26J 63
26J K3
26J 49
26J 5J
26J JK
26J 511
26J 441
26J TT1
26J 9Q1
26J 5K1
26J J13
26J K23
26J 133
26J 343
26J 5T3
26J QT3
26J 1J3
26J 637
26J J97
26J T29
26J 889
26J 7J9
26J 82J
26J 7QJ
26J 11K
26J 53K
26J J6K
26J KKK
96J 21
96J QJ
96J 4K
96J Q11
96J Q81
96J 413
96J 5T3
96J J27
96J K37
96J 357
96J 567
96J 287
96J 9T7
96J 1Q7
96J T29
96J Q39
96J 959
96J 189
96J 7J9
96J 12J
96J 82J
96J 74K
96J 25K
96J 88K
96J 4TK
47J K3
47J 49
47J 5J
47J JK
47J 511
47J 441
47J 651
47J T71
47J KJ1
47J J13
47J 133
47J 763
47J 273
47J 483
47J 1J3
47J 637
47J 847
47J 777
47J 819
47J Q39
47J 7J9
47J TQ9
47J K1J
47J 89J
47J TKJ
47J 11K
47J 74K
47J J6K
47J 4TK
J7J 63
J7J 77
J7J J9
J7J 371
J7J Q81
J7J 483
J7J 693
J7J 917
J7J K37
J7J 567
J7J 497
J7J J97
J7J QJ7
J7J 119
J7J 749
J7J 959
J7J 189
J7J 4T9
J7J 3Q9
J7J KK9
J7J 33J
J7J 53K
J7J 88K
J7J T9K
68J 21
68J 5J
68J 511
68J 231
68J J41
68J T71
68J Q81
68J 6J1
68J 483
68J 693
68J K93
68J 5T3
68J 8J3
68J 217
68J 357
68J 567
68J Q67
68J Q39
68J 469
68J 399
68J 61J
68J 47J
68J 89J
68J 81K
68J T2K
68J 53K
68J Q3K
K8J 77
K8J QJ
K8J Q11
K8J 231
K8J 371
K8J T71
K8J 791
K8J 3T1
K8J 147
K8J 357
K8J 9T7
K8J 329
K8J 4T9
K8J 7J9
K8J 12J
K8J Q4J
K8J 75J
K8J 19J
K8J 8TJ
K8J 74K
K8J 95K
19J 7
19J 5J
19J QJ
19J 4K
19J 511
19J Q11
19J 581
19J 791
19J 3T1
19J QK1
19J 413
19J Q53
19J 8J3
19J 917
19J 427
19J K37
19J Q67
19J 329
19J 749
19J 469
19J K79
19J 889
19J T99
19J 4T9
19J 12J
19J 81K
89J 231
89J T71
89J TT1
89J KJ1
89J 2Q1
89J 5K1
89J 763
89J 273
89J J83
89J 693
89J 147
89J 847
89J 8Q7
89J JK7
89J 819
89J 259
89J 889
89J 6K9
89J K1J
89J 47J
89J JJJ
89J 7QJ
89J T2K
89J 4TK
89J JTK
89J KKK
1TJ 7
1TJ 21
1TJ 49
1TJ 931
1TJ J41
1TJ T71
1TJ KJ1
1TJ 553
1TJ 763
1TJ 973
1TJ 8J3
1TJ 147
1TJ 357
1TJ 567
1TJ 777
1TJ 987
1TJ J97
1TJ 8Q7
1TJ 4K7
1TJ T29
1TJ 259
1TJ 399
1TJ JT9
1TJ TQ9
1TJ K1J
1TJ Q4J
1TJ 3KJ
1TJ TKJ
1TJ 81K
1TJ Q3K
1TJ 74K
1TJ J6K
1TJ JTK
8TJ 861
8TJ Q81
8TJ 3T1
8TJ 693
8TJ 147
8TJ 329
8TJ 539
8TJ Q39
8TJ 54J
8TJ 75J
8TJ K8J
8TJ 4JJ
8TJ 74K
8TJ TQK
8TJ 6KK
4JJ 21
4JJ 581
4JJ Q81
4JJ 3T1
4JJ 6J1
4JJ QK1
4JJ T43
4JJ 273
4JJ 567
4JJ 777
4JJ QJ7
4JJ 8Q7
4JJ 749
4JJ 399
4JJ JT9
4JJ 7J9
4JJ 61J
4JJ Q4J
4JJ 8TJ
4JJ 32K
4JJ 95K
4JJ K7K
4JJ 6KK
JJJ 7
JJJ J41
JJJ 3T1
JJJ 623
JJJ 343
JJJ 553
JJJ Q53
JJJ 4Q3
JJJ JQ3
JJJ 7K3
JJJ 217
JJJ K37
JJJ T57
JJJ 497
JJJ 749
JJJ 679
JJJ 889
JJJ TQ9
JJJ 26J
JJJ K8J
JJJ TKJ
JJJ T2K
JJJ T9K
JJJ 7JK
7QJ 77
7QJ 49
7QJ J9
7QJ 5J
7QJ 511
7QJ 931
7QJ 3T1
7QJ 343
7QJ Q53
7QJ 763
7QJ J83
7QJ JQ3
7QJ 637
7QJ 287
7QJ 497
7QJ 2T7
7QJ 119
7QJ 329
7QJ 539
7QJ T99
7QJ 6K9
7QJ K8J
7QJ 4JJ
7QJ TKJ
7QJ T2K
7QJ 46K
7QJ T9K
7QJ TQK
7QJ 6KK
3KJ K3
3KJ 77
3KJ 721
3KJ KJ1
3KJ 5K1
3KJ 623
3KJ 133
3KJ 4Q3
3KJ 7K3
3KJ Q67
3KJ 749
3KJ 679
3KJ 889
3KJ T99
3KJ K1J
3KJ 54J
3KJ 96J
3KJ 25K
3KJ 39K
3KJ T9K
3KJ 6KK
TKJ 7
TKJ 63
TKJ 231
TKJ 651
TKJ KJ1
TKJ K23
TKJ J83
TKJ 693
TKJ 147
TKJ 357
TKJ T57
TKJ 2T7
TKJ T29
TKJ Q39
TKJ 189
TKJ 889
TKJ JT9
TKJ K1J
TKJ 82J
TKJ 89J
TKJ JJJ
TKJ 4TK
TKJ JTK
TKJ 3QK
TKJ KKK
71Q 21
71Q 77
71Q QJ
71Q JK
71Q Q11
71Q 231
71Q 161
71Q 861
71Q 371
71Q 581
71Q 3T1
71Q 6J1
71Q J13
71Q 623
71Q 483
71Q 5T3
71Q 1J3
71Q K37
71Q 357
71Q 777
71Q 8Q7
71Q Q39
71Q 959
71Q 189
71Q 7J9
71Q 61J
71Q 12J
71Q 3KJ
71Q 11K
71Q 46K
71Q J6K
71Q K7K
71Q 4TK
71Q TQK
22Q 49
22Q 5J
22Q 511
22Q 231
22Q 931
22Q K51
22Q T71
22Q KJ1
22Q 2Q1
22Q 763
22Q 973
22Q J83
22Q 8J3
22Q 217
22Q 357
22Q T57
22Q 259
22Q 469
22Q 679
22Q 7J9
22Q 6K9
22Q K1J
22Q T3J
22Q 89J
22Q 81K
22Q 39K
92Q 77
92Q J9
92Q 231
92Q T43
92Q 273
92Q 693
92Q 287
92Q 497
92Q 9T7
92Q 5J7
92Q 4K7
92Q 119
92Q Q39
92Q 7J9
92Q 3Q9
92Q 82J
92Q Q4J
92Q 75J
92Q 8TJ
92Q JJJ
92Q 7QJ
92Q 74K
92Q TQK
43Q 21
43Q 91
43Q 63
43Q 5J
43Q 511
43Q 721
43Q J41
43Q KJ1
43Q 2Q1
43Q 5K1
43Q 553
43Q 973
43Q 483
43Q J83
43Q 8J3
43Q 4Q3
43Q 357
43Q 777
43Q 987
43Q 8Q7
43Q 4K7
43Q 819
43Q 189
43Q T99
43Q 7J9
43Q 3Q9
43Q K1J
43Q T3J
43Q Q4J
43Q TKJ
43Q 81K
43Q 39K
43Q KKK
J3Q 77
J3Q 231
J3Q 441
J3Q 791
J3Q 6J1
J3Q QK1
J3Q K23
J3Q 833
J3Q 273
J3Q 693
J3Q 5J7
J3Q 8Q7
J3Q 329
J3Q T29
J3Q 539
J3Q 399
J3Q 3Q9
J3Q 61J
J3Q 7QJ
J3Q 74K
J3Q 25K
J3Q 95K
J3Q K7K
J3Q TQK
64Q 7
64Q 5J
64Q 511
64Q 721
64Q 231
64Q Q81
64Q K23
64Q 343
64Q 763
64Q 693
64Q 5T3
64Q 217
64Q 427
64Q 847
64Q Q67
64Q 987
64Q 8Q7
64Q JK7
64Q 889
64Q 399
64Q T3J
64Q 68J
64Q 19J
64Q Q3K
64Q K7K
64Q KKK
K4Q JK
K4Q 161
K4Q T71
K4Q J13
K4Q 483
K4Q 693
K4Q 1J3
K4Q JQ3
K4Q 147
K4Q 357
K4Q J97
K4Q 5J7
K4Q 8Q7
K4Q 4K7
K4Q T29
K4Q 189
K4Q JT9
K4Q 3Q9
K4Q KK9
K4Q 33J
K4Q 4JJ
K4Q JJJ
K4Q 7QJ
K4Q 11K
K4Q 74K
K4Q 25K
K4Q J6K
K4Q 67K
K4Q T9K
K4Q 4TK
15Q 7
15Q 91
15Q 77
15Q 721
15Q 931
15Q 161
15Q 791
15Q 3T1
15Q 9Q1
15Q 5K1
15Q 833
15Q T43
15Q 4Q3
15Q 427
15Q J27
15Q 637
15Q 497
15Q 9T7
15Q 1Q7
15Q 749
15Q 259
15Q 889
15Q 54J
15Q 26J
15Q 96J
15Q K8J
15Q Q3K
15Q 18K
15Q 88K
15Q 6KK
85Q 7
85Q 63
85Q 49
85Q 861
85Q K23
85Q 763
85Q 483
85Q K93
85Q 637
85Q 147
85Q 2T7
85Q 4K7
85Q JK7
85Q T29
85Q Q39
85Q 469
85Q 18K
85Q JTK
36Q 91
36Q 49
36Q J9
36Q 161
36Q 371
36Q KJ1
36Q 5K1
36Q 343
36Q T43
36Q Q53
36Q J27
36Q 637
36Q 1Q7
36Q 119
36Q 539
36Q 889
36Q T99
36Q 4T9
36Q TQ9
36Q K1J
36Q 54J
36Q 75J
36Q 26J
36Q 67K
36Q T9K
36Q 6KK
T6Q 7
T6Q 21
T6Q 63
T6Q K3
T6Q 49
T6Q 721
T6Q 651
T6Q T71
T6Q Q81
T6Q 9Q1
T6Q 133
T6Q 343
T6Q QT3
T6Q 4Q3
T6Q 427
T6Q QJ7
T6Q 259
T6Q 189
T6Q 889
T6Q JT9
T6Q 7J9
T6Q TQ9
T6Q 6K9
T6Q 82J
T6Q 26J
T6Q 68J
T6Q 89J
T6Q T2K
T6Q 53K
T6Q Q3K
T6Q 95K
57Q 7
57Q K3
57Q 77
57Q 721
57Q 931
57Q 791
57Q KJ1
57Q 133
57Q T43
57Q Q53
57Q K93
57Q 4Q3
57Q JQ3
57Q 917
57Q 637
57Q 847
57Q Q67
57Q 329
57Q 539
57Q 259
57Q K79
57Q T99
57Q K1J
57Q 33J
57Q 54J
57Q 75J
57Q 47J
57Q K8J
57Q 89J
57Q 67K
57Q 18K
57Q 88K
57Q 7JK
57Q 6KK
Q7Q 21
Q7Q 63
Q7Q 49
Q7Q JK
Q7Q 441
Q7Q K51
Q7Q J13
Q7Q 483
Q7Q J83
Q7Q 693
Q7Q 5T3
Q7Q QT3
Q7Q 1J3
Q7Q 637
Q7Q 847
Q7Q 357
Q7Q 987
Q7Q QJ7
Q7Q 4K7
Q7Q JK7
Q7Q 819
Q7Q 189
Q7Q T99
Q7Q Q4J
Q7Q 68J
Q7Q 1TJ
Q7Q 11K
Q7Q 53K
78Q 7
78Q 77
78Q QJ
78Q Q11
78Q 931
78Q 371
78Q Q53
78Q J83
78Q 8J3
78Q 7K3
78Q J27
78Q 637
78Q T57
78Q Q67
78Q 2T7
78Q 9T7
78Q 1Q7
78Q 539
78Q 749
78Q 4T9
78Q 12J
78Q 47J
78Q J7J
78Q 81K
78Q Q3K
78Q 39K
29Q 21
29Q 63
29Q 77
29Q QJ
29Q JK
29Q Q11
29Q 161
29Q J13
29Q 623
29Q Q53
29Q 5T3
29Q 1J3
29Q JQ3
29Q 497
29Q QJ7
29Q 4K7
29Q 539
29Q 749
29Q 12J
29Q 82J
29Q 33J
29Q 11K
29Q 32K
29Q T9K
29Q 4TK
99Q 91
99Q 5J
99Q 511
99Q 371
99Q 791
99Q 763
99Q 8J3
99Q 4Q3
99Q 217
99Q 427
99Q K37
99Q T57
99Q 497
99Q 329
99Q 959
99Q 469
99Q 679
99Q 6K9
99Q 8TJ
99Q 81K
99Q 25K
99Q 7JK
6TQ 91
6TQ 441
6TQ 763
6TQ 273
6TQ 483
6TQ 5T3
6TQ QT3
6TQ 427
6TQ 147
6TQ Q67
6TQ 189
6TQ 7J9
6TQ 26J
6TQ 68J
6TQ 89J
6TQ J6K
6TQ 39K
6TQ 4TK
KTQ 21
KTQ J9
KTQ 861
KTQ 3T1
KTQ QK1
KTQ 483
KTQ 7K3
KTQ J27
KTQ 777
KTQ 287
KTQ 987
KTQ 5J7
KTQ 1Q7
KTQ 119
KTQ 7J9
KTQ 3Q9
KTQ 82J
KTQ 19J
KTQ 3KJ
KTQ J6K
KTQ 88K
KTQ 4TK
2JQ 7
2JQ K3
2JQ 721
2JQ 231
2JQ 931
2JQ 651
2JQ Q81
2JQ K23
2JQ 133
2JQ 343
2JQ 693
2JQ 217
2JQ 427
2JQ 357
2JQ Q67
2JQ QJ7
2JQ Q39
2JQ 469
2JQ 26J
2JQ 7QJ
2JQ 74K
2JQ 95K
2JQ J6K
2JQ 18K
9JQ 21
9JQ 651
9JQ 861
9JQ 371
9JQ 6J1
9JQ QK1
9JQ Q53
9JQ 147
9JQ 357
9JQ 987
9JQ 497
9JQ QJ7
9JQ 819
9JQ 189
9JQ 3Q9
9JQ 61J
9JQ 82J
9JQ J7J
9JQ 19J
9JQ 53K
9JQ 88K
9JQ T9K
9JQ 4TK
9JQ KKK
5QQ 21
5QQ 77
5QQ J9
5QQ Q81
5QQ 3T1
5QQ 833
5QQ 273
5QQ 917
5QQ 147
5QQ 287
5QQ 119
5QQ T29
5QQ 539
5QQ 749
5QQ 189
5QQ 75J
5QQ 96J
5QQ 88K
QQQ J9
QQQ 4K
QQQ 931
QQQ K51
QQQ 371
QQQ 413
QQQ T43
QQQ 763
QQQ 973
QQQ K93
QQQ 217
QQQ 5J7
QQQ 119
QQQ 889
QQQ 6K9
QQQ KK9
QQQ 33J
QQQ 54J
QQQ 8TJ
QQQ 88K
QQQ T9K
1KQ 77
1KQ 231
1KQ 441
1KQ 791
1KQ 6J1
1KQ QK1
1KQ K23
1KQ 833
1KQ 273
1KQ 693
1KQ 5J7
1KQ 8Q7
1KQ 329
1KQ T29
1KQ 539
1KQ 399
1KQ 3Q9
1KQ 61J
1KQ 7QJ
1KQ 74K
1KQ 25K
1KQ 95K
1KQ K7K
1KQ TQK
8KQ QJ
8KQ Q11
8KQ 161
8KQ 9Q1
8KQ 623
8KQ 833
8KQ 973
8KQ 917
8KQ T57
8KQ 9T7
8KQ 749
8KQ 469
8KQ K79
8KQ TQ9
8KQ 12J
8KQ 54J
8KQ 89J
8KQ 4JJ
8KQ T2K
8KQ 88K
8KQ T9K
8KQ 7JK
11K 91
11K 49
11K J9
11K 5J
11K 4K
11K 511
11K 161
11K 791
11K QK1
11K 413
11K 833
11K 553
11K 8J3
11K J27
11K 5J7
11K 1Q7
11K 119
11K 679
11K TQ9
11K KK9
11K 26J
11K 89J
11K 8TJ
11K 4JJ
11K 81K
11K 39K
81K 21
81K 5J
81K 511
81K 441
81K KJ1
81K 343
81K 553
81K 973
81K 217
81K 637
81K 4K7
81K 189
81K 889
81K T99
81K 7J9
81K TQ9
81K 6K9
81K K1J
81K 68J
81K T2K
81K 53K
81K J6K
81K K7K
81K 18K
32K 7
32K 161
32K 791
32K KJ1
32K QK1
32K 623
32K K93
32K QT3
32K 8J3
32K 217
32K 637
32K Q67
32K 329
32K 259
32K 889
32K 6K9
32K K1J
32K 26J
32K 96J
32K 47J
32K 68J
32K 89J
32K 81K
32K T2K
32K 67K
32K 39K
32K JTK
T2K 7
T2K 21
T2K JK
T2K 861
T2K T71
T2K Q81
T2K 9Q1
T2K 5K1
T2K J13
T2K 763
T2K 483
T2K 693
T2K 1J3
T2K 427
T2K 637
T2K T57
T2K 777
T2K 987
T2K QJ7
T2K 189
T2K T3J
T2K 89J
T2K 1TJ
T2K 11K
T2K J6K
T2K 7JK
53K 7
53K 91
53K K3
53K 721
53K 371
53K 791
53K 9Q1
53K 5K1
53K 623
53K 133
53K 8J3
53K 4Q3
53K JQ3
53K 917
53K 2T7
53K 329
53K 259
53K K79
53K T99
53K KK9
53K 47J
53K 81K
53K 46K
53K T9K
53K 3QK
Q3K 63
Q3K 721
Q3K 931
Q3K J41
Q3K 2Q1
Q3K 9Q1
Q3K 343
Q3K J83
Q3K J97
Q3K JK7
Q3K 679
Q3K 26J
Q3K 1TJ
Q3K TKJ
Q3K 32K
Q3K 74K
Q3K J6K
Q3K 18K
Q3K 4TK
74K 91
74K 49
74K J9
74K 5J
74K 4K
74K 511
74K 721
74K 413
74K 833
74K Q53
74K 7K3
74K 917
74K 427
74K 5J7
74K 119
74K 539
74K 959
74K 469
74K K79
74K T99
74K 54J
74K 75J
74K Q3K
74K 67K
25K 77
25K J9
25K QJ
25K Q11
25K 441
25K 2Q1
25K T43
25K 483
25K J27
25K 777
25K 287
25K QJ7
25K 1Q7
25K 119
25K 959
25K 189
25K JT9
25K 7J9
25K 12J
25K 82J
25K 33J
25K 54J
25K 75J
25K J7J
25K 8TJ
25K 53K
25K 95K
25K TQK
95K 7
95K 91
95K 77
95K QJ
95K Q11
95K J41
95K 161
95K 371
95K 3T1
95K QT3
95K 637
95K 539
95K 679
95K 12J
95K 47J
95K 1TJ
95K 67K
95K 39K
46K 4K
46K JK
46K 441
46K 161
46K 413
46K J13
46K K23
46K 483
46K 1J3
46K J27
46K K37
46K 1Q7
46K 329
46K 539
46K 959
46K 96J
46K JJJ
46K 11K
46K 32K
46K 74K
46K T9K
46K 4TK
J6K 721
J6K K51
J6K 581
J6K 3T1
J6K KJ1
J6K QK1
J6K T43
J6K Q53
J6K 763
J6K J83
J6K 917
J6K K37
J6K 287
J6K 9T7
J6K 5J7
J6K JK7
J6K 749
J6K 469
J6K 6K9
J6K KK9
J6K K1J
J6K 26J
J6K 96J
J6K K8J
J6K 25K
J6K 39K
J6K 6KK
67K 77
67K QJ
67K Q11
67K 651
67K T71
67K 581
67K 3T1
67K 693
67K 917
67K QJ7
67K Q39
67K KK9
67K 12J
67K 82J
67K 33J
67K T3J
67K 75J
67K 8TJ
67K JJJ
67K 7QJ
67K K7K
K7K 91
K7K K3
K7K 49
K7K J9
K7K 5J
K7K 511
K7K 371
K7K 133
K7K T43
K7K 553
K7K QT3
K7K 217
K7K 637
K7K 9T7
K7K 119
K7K 329
K7K 6K9
K7K KK9
K7K 75J
K7K 96J
K7K 47J
K7K 4JJ
K7K 25K
18K 7
18K 21
18K 91
18K K3
18K 231
18K 861
18K Q81
18K 6J1
18K 133
18K J83
18K 693
18K 5T3
18K 4Q3
18K 847
18K Q39
18K T99
18K 6K9
18K 61J
18K 26J
18K 89J
18K 1TJ
18K TKJ
18K T2K
18K 74K
88K J9
88K 231
88K 861
88K 371
88K 791
88K K23
88K 273
88K 693
88K J27
88K 357
88K 567
88K 1Q7
88K 119
88K 329
88K 539
88K 749
88K 399
88K 4T9
88K 3Q9
88K KK9
88K Q4J
88K 19J
88K 7QJ
88K K7K
39K 7
39K 21
39K 931
39K 651
39K 861
39K Q81
39K 6J1
39K KJ1
39K 2Q1
39K 343
39K 693
39K 5T3
39K 357
39K 567
39K Q67
39K Q39
39K 469
39K 6K9
39K 61J
39K K1J
39K 68J
39K 89J
39K TKJ
39K T2K
39K 53K
39K 74K
39K 95K
T9K J9
T9K 4K
T9K 651
T9K 861
T9K 791
T9K TT1
T9K 6J1
T9K 413
T9K 833
T9K T43
T9K JQ3
T9K 7K3
T9K K37
T9K J97
T9K QJ7
T9K 8Q7
T9K 4K7
T9K 119
T9K T29
T9K J69
T9K 399
T9K 3Q9
T9K KK9
T9K 61J
T9K 33J
T9K 75J
T9K 19J
T9K 4JJ
T9K 32K
T9K 67K
T9K 4TK
T9K 6KK
4TK 91
4TK K3
4TK 77
4TK J9
4TK J41
4TK 5K1
4TK 133
4TK 763
4TK K93
4TK 287
4TK 497
4TK 5J7
4TK 119
4TK 749
4TK 259
4TK K79
4TK 54J
4TK K8J
4TK 1TJ
4TK Q3K
4TK 46K
4TK 39K
4TK JTK
JTK 7
JTK 231
JTK 931
JTK 651
JTK K51
JTK T71
JTK 343
JTK 693
JTK K93
JTK 8J3
JTK 427
JTK 147
JTK 777
JTK QJ7
JTK 8Q7
JTK 819
JTK 679
JTK 889
JTK JT9
JTK 26J
JTK 89J
JTK 81K
JTK 32K
JTK 18K
JTK 39K
JTK 4TK
JTK KKK
7JK 91
7JK 49
7JK 5J
7JK 511
7JK 931
7JK J41
7JK Q81
7JK 6J1
7JK 343
7JK 973
7JK 483
7JK K93
7JK 4K7
7JK JK7
7JK 189
7JK 61J
7JK 82J
7JK 1TJ
7JK TKJ
7JK T2K
7JK 74K
7JK 18K
3QK 5J
3QK 511
3QK 6J1
3QK 693
3QK K93
3QK 8J3
3QK T57
3QK Q67
3QK 987
3QK 8Q7
3QK JK7
3QK Q39
3QK 189
3QK 61J
3QK T3J
3QK 26J
3QK 7QJ
3QK 81K
3QK 32K
3QK 53K
3QK 74K
3QK 95K
3QK 7JK
TQK Q81
TQK QK1
TQK 7K3
TQK 917
TQK 147
TQK 287
TQK 4K7
TQK 329
TQK Q39
TQK 54J
TQK Q4J
TQK 96J
TQK 19J
TQK 25K
TQK K7K
TQK 88K
TQK T9K
TQK 4TK
6KK 4K
6KK 231
6KK 861
6KK 6J1
6KK 2Q1
6KK 413
6KK 623
6KK 273
6KK 987
6KK QJ7
6KK T29
6KK 539
6KK 959
6KK K79
6KK 61J
6KK 54J
6KK Q4J
6KK 75J
6KK 96J
6KK JJJ
KKK K3
KKK 5J
KKK 511
KKK 791
KKK 9Q1
KKK QK1
KKK 133
KKK JQ3
KKK 917
KKK Q67
KKK 329
KKK 749
KKK 469
KKK 889
KKK 4T9
KKK 6K9
KKK KK9
KKK 68J
KKK 8TJ
KKK Q3K
KKK 46K
KKK 88K
KKK TQK
