0.000044[s]
16.144565[s]
42.704908[s]
i: 1
j: 2 0.439930
D1 0.439930
S1 0.229580
D20 0.015530
D18 0.015450
S20 0.010420
S18 0.009710
j: 3 0.346250
S1 0.390610
T1 0.346250
S20 0.085310
T20 0.075040
S18 0.054280
T18 0.047300
j: 4 0.439930
D2 0.439930
S2 0.229580
D15 0.015530
D17 0.015450
S15 0.010420
S17 0.009710
j: 6 0.439930
D3 0.439930
S3 0.229580
D17 0.015530
D19 0.015450
S17 0.010420
S19 0.009710
j: 8 0.439930
D4 0.439930
S4 0.229580
D18 0.015530
D13 0.015450
S18 0.010420
S13 0.009710
j: 9 0.346250
S3 0.390610
T3 0.346250
S17 0.085310
T17 0.075040
S19 0.054280
T19 0.047300
j: 10 0.439930
D5 0.439930
S5 0.229580
D12 0.015530
D20 0.015450
S12 0.010420
S20 0.009710
j: 12 0.439930
D6 0.439930
S6 0.229580
D13 0.015530
D10 0.015450
S13 0.010420
S10 0.009710
j: 14 0.439930
D7 0.439930
S7 0.229580
D19 0.015530
D16 0.015450
S19 0.010420
S16 0.009710
j: 15 0.346250
S5 0.390610
T5 0.346250
S12 0.085310
T12 0.075040
S20 0.054280
T20 0.047300
j: 16 0.439930
D8 0.439930
S8 0.229580
D16 0.015530
D11 0.015450
S16 0.010420
S11 0.009710
j: 18 0.439930
D9 0.439930
S9 0.229580
D14 0.015530
D12 0.015450
S14 0.010420
S12 0.009710
j: 20 0.439930
D10 0.439930
S10 0.229580
D6 0.015530
D15 0.015450
S6 0.010420
S15 0.009710
j: 21 0.346250
S7 0.390610
T7 0.346250
S19 0.085310
T19 0.075040
S16 0.054280
T16 0.047300
j: 22 0.439930
D11 0.439930
S11 0.229580
D8 0.015530
D14 0.015450
S8 0.010420
S14 0.009710
j: 24 0.439930
D12 0.439930
S12 0.229580
D9 0.015530
D5 0.015450
S9 0.010420
S5 0.009710
j: 26 0.439930
D13 0.439930
S13 0.229580
D4 0.015530
D6 0.015450
S4 0.010420
S6 0.009710
j: 27 0.346250
S9 0.390610
T9 0.346250
S14 0.085310
T14 0.075040
S12 0.054280
T12 0.047300
j: 28 0.439930
D14 0.439930
S14 0.229580
D11 0.015530
D9 0.015450
S11 0.010420
S9 0.009710
j: 30 0.439930
D15 0.439930
S15 0.229580
D10 0.015530
D2 0.015450
S10 0.010420
S2 0.009710
j: 32 0.439930
D16 0.439930
S16 0.229580
D7 0.015530
D8 0.015450
S7 0.010420
S8 0.009710
j: 33 0.346250
S11 0.390610
T11 0.346250
S8 0.085310
T8 0.075040
S14 0.054280
T14 0.047300
j: 34 0.439930
D17 0.439930
S17 0.229580
D2 0.015530
D3 0.015450
S2 0.010420
S3 0.009710
j: 36 0.439930
D18 0.439930
S18 0.229580
D1 0.015530
D4 0.015450
S1 0.010420
S4 0.009710
j: 38 0.439930
D19 0.439930
S19 0.229580
D3 0.015530
D7 0.015450
S3 0.010420
S7 0.009710
j: 39 0.346250
S13 0.390610
T13 0.346250
S4 0.085310
T4 0.075040
S6 0.054280
T6 0.047300
j: 40 0.439930
D20 0.439930
S20 0.229580
D5 0.015530
D1 0.015450
S5 0.010420
S1 0.009710
j: 42 0.346250
S14 0.390610
T14 0.346250
S11 0.085310
T11 0.075040
S9 0.054280
T9 0.047300
j: 45 0.346250
S15 0.390610
T15 0.346250
S10 0.085310
T10 0.075040
S2 0.054280
T2 0.047300
j: 48 0.346250
S16 0.390610
T16 0.346250
S7 0.085310
T7 0.075040
S8 0.054280
T8 0.047300
j: 50 0.613830
BULL 0.613830
S9 0.019880
S2 0.019830
S14 0.019730
S13 0.019610
S8 0.019590
S4 0.019590
S11 0.019460
S17 0.019390
S19 0.019370
S18 0.019360
S6 0.019240
S15 0.019210
S1 0.019210
S5 0.019190
S3 0.019170
S10 0.019110
S16 0.018980
S7 0.018890
S12 0.018880
S20 0.018480
j: 51 0.346250
S17 0.390610
T17 0.346250
S2 0.085310
T2 0.075040
S3 0.054280
T3 0.047300
j: 54 0.346250
S18 0.390610
T18 0.346250
S1 0.085310
T1 0.075040
S4 0.054280
T4 0.047300
j: 57 0.346250
S19 0.390610
T19 0.346250
S3 0.085310
T3 0.075040
S7 0.054280
T7 0.047300
j: 60 0.346250
S20 0.390610
T20 0.346250
S5 0.085310
T5 0.075040
S1 0.054280
T1 0.047300
i: 2
j: 2 0.592990
D1 0.387200
S1 0.111500
D18 0.012370
D20 0.012260
S18 0.004440
S20 0.004430
j: 3 0.524202
S1 0.420980
T1 0.339000
S20 0.064090
S18 0.063090
T20 0.056700
T18 0.055330
j: 4 0.663824
D2 0.439930
S2 0.229580
D15 0.015530
D17 0.015450
S15 0.010420
S17 0.009710
j: 5 0.374277
S1 0.766670
D1 0.079390
S18 0.057290
S20 0.056080
T1 0.021040
D18 0.004370
D20 0.004340
T20 0.002450
T18 0.002450
j: 6 0.644681
D3 0.426460
S3 0.164810
D17 0.014160
D19 0.013930
S17 0.007300
S19 0.007010
j: 7 0.362097
S1 0.764800
S18 0.064560
S20 0.063890
T1 0.058260
D1 0.029220
T18 0.007130
T20 0.006830
D18 0.001860
D20 0.001690
j: 8 0.663824
D4 0.439930
S4 0.229580
D18 0.015530
D13 0.015450
S18 0.010420
S13 0.009710
j: 9 0.524394
S3 0.420980
T3 0.339000
S17 0.064090
S19 0.063090
T17 0.056700
T19 0.055330
j: 10 0.592990
D5 0.387200
S5 0.111500
D20 0.012370
D12 0.012260
S20 0.004440
S12 0.004430
j: 11 0.374277
S1 0.766670
D1 0.079390
S18 0.057290
S20 0.056080
T1 0.021040
D18 0.004370
D20 0.004340
T20 0.002450
T18 0.002450
j: 12 0.668095
D6 0.439930
S6 0.229580
D13 0.015530
D10 0.015450
S13 0.010420
S10 0.009710
j: 13 0.368098
S5 0.743270
D5 0.118300
S12 0.051510
S20 0.050810
T5 0.012100
D20 0.006220
D12 0.006000
T20 0.001160
T12 0.001070
j: 14 0.592990
D7 0.387200
S7 0.111500
D16 0.012370
D19 0.012260
S16 0.004440
S19 0.004430
j: 15 0.547973
S5 0.390610
T5 0.346250
S12 0.085310
T12 0.075040
S20 0.054280
T20 0.047300
j: 16 0.663824
D8 0.439930
S8 0.229580
D16 0.015530
D11 0.015450
S16 0.010420
S11 0.009710
j: 17 0.385221
S11 0.452540
S14 0.334700
S8 0.128510
S9 0.057810
S16 0.010450
T11 0.005630
T14 0.003790
S12 0.003270
T8 0.001040
j: 18 0.651172
D9 0.439930
S9 0.229580
D14 0.015530
D12 0.015450
S14 0.010420
S12 0.009710
j: 19 0.411220
S3 0.603690
S17 0.257090
T3 0.073960
T17 0.034010
D3 0.013860
S19 0.009120
D17 0.004790
T19 0.002210
j: 20 0.676573
D10 0.434550
S10 0.229830
D6 0.024840
S6 0.016150
D15 0.008840
S15 0.006430
j: 21 0.555960
S7 0.390610
T7 0.346250
S19 0.085310
T19 0.075040
S16 0.054280
T16 0.047300
j: 22 0.603722
D11 0.386150
S11 0.111930
D8 0.020650
D14 0.007360
S8 0.007050
S14 0.002670
j: 23 0.435188
S3 0.474280
S19 0.292250
S17 0.163240
S7 0.040520
S2 0.014280
T3 0.006520
T19 0.002990
S16 0.002100
T17 0.001410
j: 24 0.681061
D12 0.439930
S12 0.229580
D9 0.015530
D5 0.015450
S9 0.010420
S5 0.009710
j: 25 0.434258
S19 0.417790
S3 0.380720
S7 0.101760
S17 0.075590
S16 0.006910
T19 0.005270
T3 0.004820
S2 0.004340
j: 26 0.607728
D13 0.387200
S13 0.111500
D6 0.012370
D4 0.012260
S6 0.004440
S4 0.004430
j: 27 0.548101
S9 0.390610
T9 0.346250
S12 0.085310
T12 0.075040
S14 0.054280
T14 0.047300
j: 28 0.677453
D14 0.439930
S14 0.229580
D11 0.015530
D9 0.015450
S11 0.010420
S9 0.009710
j: 29 0.435188
S3 0.474280
S19 0.292250
S17 0.163240
S7 0.040520
S2 0.014280
T3 0.006520
T19 0.002990
S16 0.002100
T17 0.001410
j: 30 0.664801
D15 0.439930
S15 0.229580
D10 0.015530
D2 0.015450
S10 0.010420
S2 0.009710
j: 31 0.434258
S19 0.417790
S3 0.380720
S7 0.101760
S17 0.075590
S16 0.006910
T19 0.005270
T3 0.004820
S2 0.004340
j: 32 0.681724
D16 0.439930
S16 0.229580
D7 0.015530
D8 0.015450
S7 0.010420
S8 0.009710
j: 33 0.544241
S11 0.390610
T11 0.346250
S8 0.085310
T8 0.075040
S14 0.054280
T14 0.047300
j: 34 0.605785
D17 0.386150
S17 0.111930
D2 0.020650
D3 0.007360
S2 0.007050
S3 0.002670
j: 35 0.435188
S3 0.474280
S19 0.292250
S17 0.163240
S7 0.040520
S2 0.014280
T3 0.006520
T19 0.002990
S16 0.002100
T17 0.001410
j: 36 0.681724
D18 0.439930
S18 0.229580
D1 0.015530
D4 0.015450
S1 0.010420
S4 0.009710
j: 37 0.434258
S19 0.417790
S3 0.380720
S7 0.101760
S17 0.075590
S16 0.006910
T19 0.005270
T3 0.004820
S2 0.004340
j: 38 0.603826
D19 0.387200
S19 0.111500
D7 0.012370
D3 0.012260
S7 0.004440
S3 0.004430
j: 39 0.590218
S13 0.390610
T13 0.346250
S6 0.085310
T6 0.075040
S4 0.054280
T4 0.047300
j: 40 0.680815
D20 0.439930
S20 0.229580
D5 0.015530
D1 0.015450
S5 0.010420
S1 0.009710
j: 41 0.435188
S3 0.474280
S19 0.292250
S17 0.163240
S7 0.040520
S2 0.014280
T3 0.006520
T19 0.002990
S16 0.002100
T17 0.001410
j: 42 0.590522
S14 0.390610
T14 0.346250
S9 0.085310
T9 0.075040
S11 0.054280
T11 0.047300
j: 43 0.434258
S19 0.417790
S3 0.380720
S7 0.101760
S17 0.075590
S16 0.006910
T19 0.005270
T3 0.004820
S2 0.004340
j: 44 0.437686
S6 0.445720
S10 0.445390
T10 0.035760
T6 0.035220
D6 0.016420
D10 0.016350
S13 0.001750
S15 0.001600
j: 45 0.563232
S15 0.420980
T15 0.339000
S10 0.064090
S2 0.063090
T10 0.056700
T2 0.055330
j: 46 0.438403
S6 0.508480
S10 0.380830
T6 0.040730
T10 0.031150
D6 0.019050
D10 0.014140
S13 0.002570
j: 47 0.424188
S7 0.578470
S19 0.314570
D7 0.036490
T7 0.027140
D19 0.018400
T19 0.016420
S16 0.004480
j: 48 0.608099
S16 0.384240
T16 0.339980
S8 0.104170
T8 0.092140
S7 0.041660
T7 0.036150
j: 49 0.394117
S15 0.683930
S10 0.164010
T15 0.082620
T10 0.023690
S2 0.021410
D15 0.015680
T2 0.004440
D10 0.002990
j: 50 0.698944
BULL 0.613830
S17 0.019880
S20 0.019830
S2 0.019730
S14 0.019610
S11 0.019590
S10 0.019590
S15 0.019460
S1 0.019390
S4 0.019370
S8 0.019360
S9 0.019240
S5 0.019210
S16 0.019210
S19 0.019190
S18 0.019170
S12 0.019110
S6 0.018980
S13 0.018890
S3 0.018880
S7 0.018480
j: 51 0.590340
S17 0.390610
T17 0.346250
S3 0.085310
T3 0.075040
S2 0.054280
T2 0.047300
j: 52 0.502787
S2 0.743270
D2 0.118300
S15 0.051510
S17 0.050810
T2 0.012100
D17 0.006220
D15 0.006000
T17 0.001160
T15 0.001070
j: 53 0.532090
S3 0.774380
S19 0.061290
S17 0.061140
D3 0.049900
T3 0.036780
T19 0.004190
T17 0.004080
D17 0.002860
D19 0.002660
j: 54 0.618990
S18 0.371200
T18 0.329890
S4 0.126120
T4 0.110680
S1 0.031920
T1 0.028170
j: 55 0.509721
S5 0.774380
S20 0.061290
S12 0.061140
D5 0.049900
T5 0.036780
T20 0.004190
T12 0.004080
D12 0.002860
D20 0.002660
j: 56 0.499786
S6 0.764800
S10 0.064560
S13 0.063890
T6 0.058260
D6 0.029220
T10 0.007130
T13 0.006830
D10 0.001860
D13 0.001690
j: 57 0.640727
S19 0.384240
T19 0.339980
S7 0.104170
T7 0.092140
S3 0.041660
T3 0.036150
j: 58 0.540461
S8 0.750850
S16 0.119020
D8 0.047910
T8 0.035910
S11 0.028560
T16 0.006340
D16 0.005830
T11 0.001940
D11 0.001250
j: 59 0.522721
S9 0.759550
S14 0.088430
T9 0.058340
S12 0.044720
D9 0.028630
T14 0.009490
T12 0.004940
D14 0.002670
D12 0.001170
j: 60 0.563299
S20 0.420980
T20 0.339000
S5 0.064090
S1 0.063090
T5 0.056700
T1 0.055330
j: 61 0.510716
S11 0.766670
D11 0.079390
S14 0.057290
S8 0.056080
T11 0.021040
D14 0.004370
D8 0.004340
T8 0.002450
T14 0.002450
j: 62 0.540099
S12 0.763410
S5 0.080880
D12 0.076850
S9 0.037740
T12 0.021030
D5 0.006580
T5 0.003030
D9 0.002720
T9 0.001920
j: 63 0.528637
S13 0.759550
S6 0.088430
T13 0.058340
S4 0.044720
D13 0.028630
T6 0.009490
T4 0.004940
D6 0.002670
D4 0.001170
j: 64 0.516640
S14 0.766670
D14 0.079390
S9 0.057290
S11 0.056080
T14 0.021040
D9 0.004370
D11 0.004340
T9 0.002450
T11 0.002450
j: 65 0.495681
S15 0.764800
S2 0.064560
S10 0.063890
T15 0.058260
D15 0.029220
T2 0.007130
T10 0.006830
D2 0.001860
D10 0.001690
j: 66 0.519516
S16 0.766670
D16 0.079390
S8 0.057290
S7 0.056080
T16 0.021040
D8 0.004370
D7 0.004340
T8 0.002450
T7 0.002450
j: 67 0.508800
S17 0.774380
S3 0.061290
S2 0.061140
D17 0.049900
T17 0.036780
T3 0.004190
T2 0.004080
D2 0.002860
D3 0.002660
j: 68 0.516650
S18 0.766670
D18 0.079390
S4 0.057290
S1 0.056080
T18 0.021040
D4 0.004370
D1 0.004340
T4 0.002450
T1 0.002450
j: 69 0.499929
S19 0.764800
S7 0.064560
S3 0.063890
T19 0.058260
D19 0.029220
T7 0.007130
T3 0.006830
D7 0.001860
D3 0.001690
j: 70 0.516640
S20 0.766670
D20 0.079390
S1 0.057290
S5 0.056080
T20 0.021040
D1 0.004370
D5 0.004340
T5 0.002450
T1 0.002450
j: 71 0.332020
S11 0.610090
S14 0.202100
T11 0.115470
T14 0.042730
S8 0.014400
D11 0.007180
T8 0.004670
D14 0.002170
j: 72 0.333869
S12 0.420980
T12 0.339000
S9 0.064090
S5 0.063090
T9 0.056700
T5 0.055330
j: 73 0.298943
S19 0.577820
T19 0.224650
S3 0.066620
S7 0.066430
T3 0.031210
T7 0.030560
D19 0.002180
j: 74 0.322884
S20 0.563220
D20 0.289320
S1 0.031560
S5 0.031290
D1 0.012930
D5 0.012900
T20 0.001330
j: 75 0.317074
S15 0.459340
T15 0.311360
S10 0.082710
T10 0.060300
S2 0.047730
T2 0.037790
j: 76 0.322299
S19 0.563220
D19 0.289320
S7 0.031560
S3 0.031290
D7 0.012930
D3 0.012900
T19 0.001330
j: 77 0.298940
S17 0.577820
T17 0.224650
S2 0.066620
S3 0.066430
T2 0.031210
T3 0.030560
D17 0.002180
j: 78 0.303759
S18 0.743270
D18 0.118300
S1 0.051510
S4 0.050810
T18 0.012100
D4 0.006220
D1 0.006000
T4 0.001160
T1 0.001070
j: 79 0.298922
S19 0.577820
T19 0.224650
S3 0.066620
S7 0.066430
T3 0.031210
T7 0.030560
D19 0.002180
j: 80 0.322884
S20 0.563220
D20 0.289320
S1 0.031560
S5 0.031290
D1 0.012930
D5 0.012900
T20 0.001330
j: 81 0.184781
S19 0.336360
T19 0.296250
S7 0.174430
T7 0.155360
S3 0.017640
T3 0.015770
T16 0.001890
S16 0.001700
j: 82 0.270055
D16 0.439930
S16 0.229580
D7 0.015530
D8 0.015450
S7 0.010420
S8 0.009710
j: 83 0.212539
BULL 0.613830
S11 0.019880
S10 0.019830
S8 0.019730
S18 0.019610
S7 0.019590
S1 0.019590
S16 0.019460
S15 0.019390
S17 0.019370
S20 0.019360
S4 0.019240
S6 0.019210
S5 0.019210
S9 0.019190
S2 0.019170
S13 0.019110
S19 0.018980
S3 0.018890
S14 0.018880
S12 0.018480
j: 84 0.270053
D17 0.439930
S17 0.229580
D2 0.015530
D3 0.015450
S2 0.010420
S3 0.009710
j: 85 0.152544
S17 0.390610
T17 0.346250
S2 0.085310
T2 0.075040
S3 0.054280
T3 0.047300
j: 86 0.270055
D18 0.439930
S18 0.229580
D1 0.015530
D4 0.015450
S1 0.010420
S4 0.009710
j: 87 0.162578
S14 0.311570
T14 0.274820
S9 0.202230
T9 0.181000
S11 0.013240
T11 0.011010
T12 0.002710
S12 0.002440
j: 88 0.270042
D19 0.439930
S19 0.229580
D3 0.015530
D7 0.015450
S3 0.010420
S7 0.009710
j: 89 0.212539
BULL 0.613830
S11 0.019880
S10 0.019830
S8 0.019730
S18 0.019610
S7 0.019590
S1 0.019590
S16 0.019460
S15 0.019390
S17 0.019370
S20 0.019360
S4 0.019240
S6 0.019210
S5 0.019210
S9 0.019190
S2 0.019170
S13 0.019110
S19 0.018980
S3 0.018890
S14 0.018880
S12 0.018480
j: 90 0.270055
D20 0.439930
S20 0.229580
D5 0.015530
D1 0.015450
S5 0.010420
S1 0.009710
j: 91 0.152495
S17 0.390610
T17 0.346250
S3 0.085310
T3 0.075040
S2 0.054280
T2 0.047300
j: 92 0.212539
BULL 0.613830
S11 0.019880
S10 0.019830
S8 0.019730
S18 0.019610
S7 0.019590
S1 0.019590
S16 0.019460
S15 0.019390
S17 0.019370
S20 0.019360
S4 0.019240
S6 0.019210
S5 0.019210
S9 0.019190
S2 0.019170
S13 0.019110
S19 0.018980
S3 0.018890
S14 0.018880
S12 0.018480
j: 93 0.158326
S11 0.260340
S14 0.257350
T14 0.228800
T11 0.228460
S9 0.006950
S8 0.006910
T9 0.005560
T8 0.005550
j: 94 0.152495
S20 0.390610
T20 0.346250
S1 0.085310
T1 0.075040
S5 0.054280
T5 0.047300
j: 95 0.212539
BULL 0.613830
S11 0.019880
S10 0.019830
S8 0.019730
S18 0.019610
S7 0.019590
S1 0.019590
S16 0.019460
S15 0.019390
S17 0.019370
S20 0.019360
S4 0.019240
S6 0.019210
S5 0.019210
S9 0.019190
S2 0.019170
S13 0.019110
S19 0.018980
S3 0.018890
S14 0.018880
S12 0.018480
j: 96 0.152492
S20 0.390610
T20 0.346250
S5 0.085310
T5 0.075040
S1 0.054280
T1 0.047300
j: 97 0.152326
S19 0.390610
T19 0.346250
S3 0.085310
T3 0.075040
S7 0.054280
T7 0.047300
j: 98 0.212539
BULL 0.613830
S11 0.019880
S10 0.019830
S8 0.019730
S18 0.019610
S7 0.019590
S1 0.019590
S16 0.019460
S15 0.019390
S17 0.019370
S20 0.019360
S4 0.019240
S6 0.019210
S5 0.019210
S9 0.019190
S2 0.019170
S13 0.019110
S19 0.018980
S3 0.018890
S14 0.018880
S12 0.018480
j: 99 0.120055
S18 0.390610
T18 0.346250
S1 0.085310
T1 0.075040
S4 0.054280
T4 0.047300
j: 100 0.376787
BULL 0.613830
S20 0.019880
S17 0.019830
S1 0.019730
S16 0.019610
S8 0.019590
S4 0.019590
S18 0.019460
S2 0.019390
S10 0.019370
S11 0.019360
S7 0.019240
S3 0.019210
S14 0.019210
S12 0.019190
S15 0.019170
S19 0.019110
S13 0.018980
S6 0.018890
S5 0.018880
S9 0.018480
j: 101 0.212539
BULL 0.613830
S11 0.019880
S10 0.019830
S8 0.019730
S18 0.019610
S7 0.019590
S1 0.019590
S16 0.019460
S15 0.019390
S17 0.019370
S20 0.019360
S4 0.019240
S6 0.019210
S5 0.019210
S9 0.019190
S2 0.019170
S13 0.019110
S19 0.018980
S3 0.018890
S14 0.018880
S12 0.018480
j: 102 0.120055
S17 0.390610
T17 0.346250
S2 0.085310
T2 0.075040
S3 0.054280
T3 0.047300
j: 104 0.212539
BULL 0.613830
S11 0.019880
S10 0.019830
S8 0.019730
S18 0.019610
S7 0.019590
S1 0.019590
S16 0.019460
S15 0.019390
S17 0.019370
S20 0.019360
S4 0.019240
S6 0.019210
S5 0.019210
S9 0.019190
S2 0.019170
S13 0.019110
S19 0.018980
S3 0.018890
S14 0.018880
S12 0.018480
j: 105 0.120055
S17 0.390610
T17 0.346250
S2 0.085310
T2 0.075040
S3 0.054280
T3 0.047300
j: 107 0.212539
BULL 0.613830
S11 0.019880
S10 0.019830
S8 0.019730
S18 0.019610
S7 0.019590
S1 0.019590
S16 0.019460
S15 0.019390
S17 0.019370
S20 0.019360
S4 0.019240
S6 0.019210
S5 0.019210
S9 0.019190
S2 0.019170
S13 0.019110
S19 0.018980
S3 0.018890
S14 0.018880
S12 0.018480
j: 108 0.120055
S19 0.390610
T19 0.346250
S3 0.085310
T3 0.075040
S7 0.054280
T7 0.047300
j: 110 0.212539
BULL 0.613830
S11 0.019880
S10 0.019830
S8 0.019730
S18 0.019610
S7 0.019590
S1 0.019590
S16 0.019460
S15 0.019390
S17 0.019370
S20 0.019360
S4 0.019240
S6 0.019210
S5 0.019210
S9 0.019190
S2 0.019170
S13 0.019110
S19 0.018980
S3 0.018890
S14 0.018880
S12 0.018480
j: 111 0.120017
S18 0.390610
T18 0.346250
S1 0.085310
T1 0.075040
S4 0.054280
T4 0.047300
j: 114 0.120017
S18 0.390610
T18 0.346250
S1 0.085310
T1 0.075040
S4 0.054280
T4 0.047300
j: 117 0.119889
S19 0.390610
T19 0.346250
S3 0.085310
T3 0.075040
S7 0.054280
T7 0.047300
j: 120 0.119889
S20 0.390610
T20 0.346250
S5 0.085310
T5 0.075040
S1 0.054280
T1 0.047300
i: 3
j: 2 0.671173
D1 0.336460
S1 0.073280
D18 0.010200
D20 0.009980
S18 0.002820
S20 0.002810
j: 3 0.588637
S1 0.420980
T1 0.339000
S20 0.064090
S18 0.063090
T20 0.056700
T18 0.055330
j: 4 0.767363
D2 0.426460
S2 0.164810
D15 0.014160
D17 0.013930
S15 0.007300
S17 0.007010
j: 5 0.566246
S1 0.743270
D1 0.118300
S20 0.051510
S18 0.050810
T1 0.012100
D18 0.006220
D20 0.006000
T18 0.001160
T20 0.001070
j: 6 0.749013
D3 0.426460
S3 0.164810
D17 0.014160
D19 0.013930
S17 0.007300
S19 0.007010
j: 7 0.543161
S1 0.774380
S18 0.061290
S20 0.061140
D1 0.049900
T1 0.036780
T18 0.004190
T20 0.004080
D20 0.002860
D18 0.002660
j: 8 0.779037
D4 0.426460
S4 0.164810
D18 0.014160
D13 0.013930
S18 0.007300
S13 0.007010
j: 9 0.610724
S3 0.420980
T3 0.339000
S17 0.064090
S19 0.063090
T17 0.056700
T19 0.055330
j: 10 0.706321
D5 0.387200
S5 0.111500
D20 0.012370
D12 0.012260
S20 0.004440
S12 0.004430
j: 11 0.555410
S3 0.774380
S19 0.061290
S17 0.061140
D3 0.049900
T3 0.036780
T19 0.004190
T17 0.004080
D17 0.002860
D19 0.002660
j: 12 0.781603
D6 0.426460
S6 0.164810
D13 0.014160
D10 0.013930
S13 0.007300
S10 0.007010
j: 13 0.559210
S5 0.696850
D5 0.170970
S20 0.044690
S12 0.044640
D20 0.008260
D12 0.008030
T5 0.006310
j: 14 0.704963
D7 0.387200
S7 0.111500
D16 0.012370
D19 0.012260
S16 0.004440
S19 0.004430
j: 15 0.627381
S5 0.459340
T5 0.311360
S12 0.082710
T12 0.060300
S20 0.047730
T20 0.037790
j: 16 0.781660
D8 0.426460
S8 0.164810
D16 0.014160
D11 0.013930
S16 0.007300
S11 0.007010
j: 17 0.586654
S5 0.769980
S12 0.085870
D5 0.049240
S20 0.041820
T5 0.035900
T12 0.005660
D12 0.004240
T20 0.002790
D20 0.001780
j: 18 0.760788
D9 0.426460
S9 0.164810
D14 0.014160
D12 0.013930
S14 0.007300
S12 0.007010
j: 19 0.610475
S3 0.721310
S17 0.156530
D3 0.046280
T3 0.034860
S19 0.019300
T17 0.009070
D17 0.007840
T19 0.001450
j: 20 0.791314
D10 0.421250
S10 0.163070
D6 0.023110
S6 0.010910
D15 0.007780
S15 0.004640
j: 21 0.651085
S7 0.416850
T7 0.335800
S19 0.082420
T19 0.069940
S16 0.050090
T16 0.043980
j: 22 0.729650
D11 0.421250
S11 0.163070
D8 0.023110
S8 0.010910
D14 0.007780
S14 0.004640
j: 23 0.660645
S3 0.432870
S19 0.359600
S17 0.116720
S7 0.065830
S2 0.008010
T3 0.005800
S16 0.004220
T19 0.004160
j: 24 0.812442
D12 0.439930
S12 0.229580
D9 0.015530
D5 0.015450
S9 0.010420
S5 0.009710
j: 25 0.629695
S19 0.464040
S7 0.314280
S3 0.145750
S16 0.047360
S17 0.013020
T19 0.006290
T7 0.003320
S8 0.002900
T3 0.001050
j: 26 0.736380
D13 0.426460
S13 0.164810
D4 0.014160
D6 0.013930
S4 0.007300
S6 0.007010
j: 27 0.673777
S9 0.459340
T9 0.311360
S12 0.082710
T12 0.060300
S14 0.047730
T14 0.037790
j: 28 0.795439
D14 0.426460
S14 0.164810
D11 0.014160
D9 0.013930
S11 0.007300
S9 0.007010
j: 29 0.632300
S1 0.769980
S20 0.085870
D1 0.049240
S18 0.041820
T1 0.035900
T20 0.005660
D20 0.004240
T18 0.002790
D18 0.001780
j: 30 0.786852
D15 0.426460
S15 0.164810
D10 0.014160
D2 0.013930
S10 0.007300
S2 0.007010
j: 31 0.662258
S19 0.481880
S3 0.268580
S7 0.181720
S17 0.035700
S16 0.017540
T19 0.006340
T3 0.002500
S2 0.001920
T7 0.001670
j: 32 0.814277
D16 0.439930
S16 0.229580
D7 0.015530
D8 0.015450
S7 0.010420
S8 0.009710
j: 33 0.683167
S11 0.384240
T11 0.339980
S8 0.104170
T8 0.092140
S14 0.041660
T14 0.036150
j: 34 0.738731
D17 0.426460
S17 0.164810
D2 0.014160
D3 0.013930
S2 0.007300
S3 0.007010
j: 35 0.664737
S3 0.432870
S19 0.359600
S17 0.116720
S7 0.065830
S2 0.008010
T3 0.005800
S16 0.004220
T19 0.004160
j: 36 0.810895
D18 0.439930
S18 0.229580
D1 0.015530
D4 0.015450
S1 0.010420
S4 0.009710
j: 37 0.640077
S7 0.759550
S19 0.088430
T7 0.058340
S16 0.044720
D7 0.028630
T19 0.009490
T16 0.004940
D19 0.002670
D16 0.001170
j: 38 0.740788
D19 0.426460
S19 0.164810
D3 0.014160
D7 0.013930
S3 0.007300
S7 0.007010
j: 39 0.721876
S13 0.390610
T13 0.346250
S6 0.085310
T6 0.075040
S4 0.054280
T4 0.047300
j: 40 0.815362
D20 0.439930
S20 0.229580
D5 0.015530
D1 0.015450
S5 0.010420
S1 0.009710
j: 41 0.642916
S1 0.763410
S20 0.080880
D1 0.076850
S18 0.037740
T1 0.021030
D20 0.006580
T20 0.003030
D18 0.002720
T18 0.001920
j: 42 0.747573
S14 0.390610
T14 0.346250
S9 0.085310
T9 0.075040
S11 0.054280
T11 0.047300
j: 43 0.670084
S19 0.481880
S3 0.268580
S7 0.181720
S17 0.035700
S16 0.017540
T19 0.006340
T3 0.002500
S2 0.001920
T7 0.001670
j: 44 0.673790
S8 0.652320
S16 0.182430
D8 0.104210
D16 0.026490
T8 0.010600
S11 0.009050
T16 0.003600
j: 45 0.738283
S15 0.420980
T15 0.339000
S10 0.064090
S2 0.063090
T10 0.056700
T2 0.055330
j: 46 0.677369
S6 0.494770
S10 0.370660
T6 0.060970
T10 0.048610
D6 0.010760
D10 0.007840
S13 0.003320
S15 0.001350
j: 47 0.657829
S7 0.673400
S19 0.197000
D7 0.068870
T7 0.018730
D19 0.018250
S16 0.010440
T19 0.006260
j: 48 0.774493
S16 0.371200
T16 0.329890
S8 0.126120
T8 0.110680
S7 0.031920
T7 0.028170
j: 49 0.642936
S13 0.759550
S4 0.088430
T13 0.058340
S6 0.044720
D13 0.028630
T4 0.009490
T6 0.004940
D4 0.002670
D6 0.001170
j: 50 0.820462
BULL 0.613830
S16 0.019880
S18 0.019830
S8 0.019730
S10 0.019610
S15 0.019590
S14 0.019590
S11 0.019460
S1 0.019390
S5 0.019370
S2 0.019360
S6 0.019240
S4 0.019210
S17 0.019210
S19 0.019190
S20 0.019170
S13 0.019110
S9 0.018980
S12 0.018890
S7 0.018880
S3 0.018480
j: 51 0.728057
S17 0.384240
T17 0.339980
S3 0.104170
T3 0.092140
S2 0.041660
T2 0.036150
j: 52 0.661139
S16 0.691520
D16 0.169200
S7 0.065080
S8 0.029790
D7 0.013230
T16 0.006090
D8 0.004870
j: 53 0.670592
S3 0.429410
S17 0.385030
S19 0.089750
S2 0.065640
T3 0.010190
T17 0.008790
S7 0.004750
S15 0.003480
T19 0.001050
j: 54 0.773855
S18 0.390610
T18 0.346250
S4 0.085310
T4 0.075040
S1 0.054280
T1 0.047300
j: 55 0.653352
S5 0.774380
S20 0.061290
S12 0.061140
D5 0.049900
T5 0.036780
T20 0.004190
T12 0.004080
D12 0.002860
D20 0.002660
j: 56 0.664777
S16 0.679420
D16 0.161040
S8 0.092990
S7 0.019090
D8 0.018240
T16 0.006040
D7 0.003000
T8 0.001020
j: 57 0.756215
S19 0.384240
T19 0.339980
S7 0.104170
T7 0.092140
S3 0.041660
T3 0.036150
j: 58 0.667809
S18 0.759550
S1 0.088430
T18 0.058340
S4 0.044720
D18 0.028630
T1 0.009490
T4 0.004940
D1 0.002670
D4 0.001170
j: 59 0.660436
S9 0.759550
S14 0.088430
T9 0.058340
S12 0.044720
D9 0.028630
T14 0.009490
T12 0.004940
D14 0.002670
D12 0.001170
j: 60 0.759917
S20 0.390610
T20 0.346250
S1 0.085310
T1 0.075040
S5 0.054280
T5 0.047300
j: 61 0.663325
S11 0.769980
S8 0.085870
D11 0.049240
S14 0.041820
T11 0.035900
T8 0.005660
D8 0.004240
T14 0.002790
D14 0.001780
j: 62 0.675331
S12 0.750850
S5 0.119020
D12 0.047910
T12 0.035910
S9 0.028560
T5 0.006340
D5 0.005830
T9 0.001940
D9 0.001250
j: 63 0.676258
S13 0.711850
S6 0.124110
T13 0.085380
S4 0.033240
T6 0.019490
D13 0.016080
T4 0.006070
D6 0.002250
j: 64 0.673003
S14 0.743270
D14 0.118300
S11 0.051510
S9 0.050810
T14 0.012100
D9 0.006220
D11 0.006000
T9 0.001160
T11 0.001070
j: 65 0.662875
S15 0.764800
S2 0.064560
S10 0.063890
T15 0.058260
D15 0.029220
T2 0.007130
T10 0.006830
D2 0.001860
D10 0.001690
j: 66 0.669998
S16 0.774380
S8 0.061290
S7 0.061140
D16 0.049900
T16 0.036780
T8 0.004190
T7 0.004080
D7 0.002860
D8 0.002660
j: 67 0.664234
S17 0.764800
S3 0.064560
S2 0.063890
T17 0.058260
D17 0.029220
T3 0.007130
T2 0.006830
D3 0.001860
D2 0.001690
j: 68 0.672518
S18 0.743270
D18 0.118300
S1 0.051510
S4 0.050810
T18 0.012100
D4 0.006220
D1 0.006000
T4 0.001160
T1 0.001070
j: 69 0.665895
S19 0.692570
T19 0.129420
S7 0.067130
S3 0.066310
T3 0.017260
T7 0.016990
D19 0.008920
j: 70 0.668988
S20 0.743270
D20 0.118300
S5 0.051510
S1 0.050810
T20 0.012100
D1 0.006220
D5 0.006000
T1 0.001160
T5 0.001070
j: 71 0.613256
S17 0.459340
T17 0.311360
S3 0.082710
T3 0.060300
S2 0.047730
T2 0.037790
j: 72 0.618910
S15 0.763410
S10 0.080880
D15 0.076850
S2 0.037740
T15 0.021030
D10 0.006580
T10 0.003030
D2 0.002720
T2 0.001920
j: 73 0.609400
S19 0.462540
T19 0.311910
S3 0.065570
S7 0.063010
T7 0.048220
T3 0.047960
j: 74 0.612313
S17 0.641270
D17 0.224800
S2 0.038720
S3 0.038500
D2 0.010170
D3 0.010090
T17 0.002760
j: 75 0.595355
S18 0.743270
D18 0.118300
S1 0.051510
S4 0.050810
T18 0.012100
D4 0.006220
D1 0.006000
T4 0.001160
T1 0.001070
j: 76 0.606570
S19 0.736920
D19 0.117480
S7 0.072840
S3 0.034620
T19 0.012350
D7 0.009330
D3 0.003670
T7 0.001680
j: 77 0.578852
S20 0.774380
S1 0.061290
S5 0.061140
D20 0.049900
T20 0.036780
T1 0.004190
T5 0.004080
D5 0.002860
D1 0.002660
j: 78 0.590638
BULL 0.601540
S11 0.030900
S14 0.030430
S8 0.030000
S9 0.027710
S16 0.027550
S12 0.024730
S7 0.023750
S5 0.021820
S19 0.021100
S20 0.019320
S3 0.018290
S1 0.016660
S18 0.015380
S17 0.014830
S2 0.014120
S4 0.012930
S15 0.012880
S13 0.012270
S6 0.012060
S10 0.011730
j: 79 0.546176
S13 0.420980
T13 0.339000
S4 0.064090
S6 0.063090
T4 0.056700
T6 0.055330
j: 80 0.573437
BULL 0.612670
S20 0.020060
S10 0.020020
S17 0.019840
S15 0.019710
S11 0.019700
S13 0.019690
S1 0.019610
S12 0.019580
S19 0.019510
S16 0.019490
S2 0.019370
S18 0.019330
S4 0.019300
S3 0.019250
S6 0.019230
S14 0.019210
S8 0.018970
S9 0.018840
S7 0.018420
S5 0.018200
j: 81 0.551703
S11 0.336360
T11 0.296250
S14 0.174430
T14 0.155360
S8 0.017640
T8 0.015770
T9 0.001890
S9 0.001700
j: 82 0.572821
BULL 0.612670
S17 0.020060
S11 0.020020
S12 0.019840
S14 0.019710
S13 0.019700
S16 0.019690
S3 0.019610
S15 0.019580
S20 0.019510
S18 0.019490
S9 0.019370
S19 0.019330
S7 0.019300
S5 0.019250
S8 0.019230
S6 0.019210
S4 0.018970
S10 0.018840
S1 0.018420
S2 0.018200
j: 83 0.517543
S17 0.459340
T17 0.311360
S3 0.082710
T3 0.060300
S2 0.047730
T2 0.037790
j: 84 0.549624
S16 0.420980
T16 0.339000
S7 0.064090
S8 0.063090
T7 0.056700
T8 0.055330
j: 85 0.533351
S19 0.416850
T19 0.335800
S7 0.082420
T7 0.069940
S3 0.050090
T3 0.043980
j: 86 0.550093
BULL 0.613290
S11 0.020120
S6 0.020060
S18 0.019880
S10 0.019880
S14 0.019830
S16 0.019730
S20 0.019660
S19 0.019650
S7 0.019490
S5 0.019370
S4 0.019350
S2 0.019220
S8 0.019200
S12 0.019200
S13 0.018990
S17 0.018960
S1 0.018860
S9 0.018820
S15 0.018260
S3 0.018180
j: 87 0.529016
S19 0.384240
T19 0.339980
S7 0.104170
T7 0.092140
S3 0.041660
T3 0.036150
j: 88 0.526684
D19 0.395010
S19 0.393200
S3 0.020020
S7 0.019870
D7 0.015960
D3 0.015710
j: 89 0.530772
S19 0.416850
T19 0.335800
S7 0.082420
T7 0.069940
S3 0.050090
T3 0.043980
j: 90 0.534770
S20 0.479670
D20 0.349500
S5 0.025940
S1 0.025110
D1 0.014630
D5 0.014240
j: 91 0.431985
S19 0.371200
T19 0.329890
S7 0.126120
T7 0.110680
S3 0.031920
T3 0.028170
j: 92 0.463937
BULL 0.613830
S17 0.019880
S20 0.019830
S2 0.019730
S14 0.019610
S11 0.019590
S10 0.019590
S15 0.019460
S1 0.019390
S4 0.019370
S8 0.019360
S9 0.019240
S5 0.019210
S16 0.019210
S19 0.019190
S18 0.019170
S12 0.019110
S6 0.018980
S13 0.018890
S3 0.018880
S7 0.018480
j: 93 0.438192
S19 0.390610
T19 0.346250
S7 0.085310
T7 0.075040
S3 0.054280
T3 0.047300
j: 94 0.421172
S18 0.390610
T18 0.346250
S4 0.085310
T4 0.075040
S1 0.054280
T1 0.047300
j: 95 0.438900
BULL 0.613830
S16 0.019880
S13 0.019830
S7 0.019730
S20 0.019610
S5 0.019590
S3 0.019590
S19 0.019460
S6 0.019390
S15 0.019370
S12 0.019360
S1 0.019240
S9 0.019210
S4 0.019210
S11 0.019190
S10 0.019170
S18 0.019110
S17 0.018980
S2 0.018890
S8 0.018880
S14 0.018480
j: 96 0.411725
S16 0.390610
T16 0.346250
S8 0.085310
T8 0.075040
S7 0.054280
T7 0.047300
j: 97 0.423031
S19 0.390610
T19 0.346250
S7 0.085310
T7 0.075040
S3 0.054280
T3 0.047300
j: 98 0.458281
BULL 0.613830
S20 0.019880
S19 0.019830
S5 0.019730
S15 0.019610
S9 0.019590
S10 0.019590
S12 0.019460
S7 0.019390
S8 0.019370
S6 0.019360
S2 0.019240
S3 0.019210
S13 0.019210
S18 0.019190
S16 0.019170
S17 0.019110
S14 0.018980
S11 0.018890
S1 0.018880
S4 0.018480
j: 99 0.396287
S15 0.371200
T15 0.329890
S10 0.126120
T10 0.110680
S2 0.031920
T2 0.028170
j: 100 0.508824
BULL 0.613830
S17 0.019880
S20 0.019830
S2 0.019730
S14 0.019610
S11 0.019590
S10 0.019590
S15 0.019460
S1 0.019390
S4 0.019370
S8 0.019360
S9 0.019240
S5 0.019210
S16 0.019210
S19 0.019190
S18 0.019170
S12 0.019110
S6 0.018980
S13 0.018890
S3 0.018880
S7 0.018480
j: 101 0.443221
BULL 0.613830
S3 0.019880
S1 0.019830
S17 0.019730
S9 0.019610
S15 0.019590
S14 0.019590
S2 0.019460
S18 0.019390
S13 0.019370
S11 0.019360
S12 0.019240
S8 0.019210
S20 0.019210
S7 0.019190
S4 0.019170
S5 0.019110
S10 0.018980
S6 0.018890
S19 0.018880
S16 0.018480
j: 102 0.389977
BULL 0.613830
S18 0.019880
S16 0.019830
S1 0.019730
S17 0.019610
S5 0.019590
S2 0.019590
S20 0.019460
S8 0.019390
S14 0.019370
S15 0.019360
S3 0.019240
S7 0.019210
S10 0.019210
S13 0.019190
S11 0.019170
S19 0.019110
S12 0.018980
S9 0.018890
S4 0.018880
S6 0.018480
j: 103 0.405711
BULL 0.601540
S17 0.030900
S3 0.030430
S2 0.030000
S19 0.027710
S15 0.027550
S7 0.024730
S10 0.023750
S16 0.021820
S6 0.021100
S8 0.019320
S13 0.018290
S11 0.016660
S14 0.015380
S4 0.014830
S18 0.014120
S9 0.012930
S1 0.012880
S12 0.012270
S5 0.012060
S20 0.011730
j: 104 0.454433
BULL 0.613290
S4 0.020120
S16 0.020060
S7 0.019880
S14 0.019880
S18 0.019830
S6 0.019730
S12 0.019660
S15 0.019650
S10 0.019490
S5 0.019370
S11 0.019350
S3 0.019220
S20 0.019200
S13 0.019200
S8 0.018990
S17 0.018960
S9 0.018860
S1 0.018820
S19 0.018260
S2 0.018180
j: 105 0.386209
BULL 0.613830
S19 0.019880
S20 0.019830
S7 0.019730
S13 0.019610
S8 0.019590
S6 0.019590
S16 0.019460
S5 0.019390
S9 0.019370
S10 0.019360
S4 0.019240
S15 0.019210
S1 0.019210
S17 0.019190
S12 0.019170
S18 0.019110
S11 0.018980
S14 0.018890
S3 0.018880
S2 0.018480
j: 106 0.379621
BULL 0.613290
S11 0.020120
S6 0.020060
S18 0.019880
S10 0.019880
S14 0.019830
S16 0.019730
S20 0.019660
S19 0.019650
S7 0.019490
S5 0.019370
S4 0.019350
S2 0.019220
S8 0.019200
S12 0.019200
S13 0.018990
S17 0.018960
S1 0.018860
S9 0.018820
S15 0.018260
S3 0.018180
j: 107 0.460907
BULL 0.601540
S19 0.030900
S7 0.030430
S3 0.030000
S16 0.027710
S17 0.027550
S8 0.024730
S2 0.023750
S11 0.021820
S15 0.021100
S14 0.019320
S10 0.018290
S9 0.016660
S12 0.015380
S6 0.014830
S13 0.014120
S5 0.012930
S4 0.012880
S20 0.012270
S1 0.012060
S18 0.011730
j: 108 0.400313
BULL 0.613290
S16 0.020120
S4 0.020060
S20 0.019880
S13 0.019880
S8 0.019830
S19 0.019730
S12 0.019660
S17 0.019650
S3 0.019490
S9 0.019370
S1 0.019350
S10 0.019220
S7 0.019200
S14 0.019200
S18 0.018990
S15 0.018960
S5 0.018860
S11 0.018820
S6 0.018260
S2 0.018180
j: 109 0.387703
BULL 0.601540
S14 0.030900
S9 0.030430
S11 0.030000
S12 0.027710
S8 0.027550
S5 0.024730
S16 0.023750
S20 0.021820
S7 0.021100
S1 0.019320
S19 0.018290
S18 0.016660
S4 0.015380
S3 0.014830
S17 0.014120
S13 0.012930
S2 0.012880
S6 0.012270
S10 0.012060
S15 0.011730
j: 110 0.407329
BULL 0.613830
S20 0.019880
S19 0.019830
S5 0.019730
S15 0.019610
S9 0.019590
S10 0.019590
S12 0.019460
S7 0.019390
S8 0.019370
S6 0.019360
S2 0.019240
S3 0.019210
S13 0.019210
S18 0.019190
S16 0.019170
S17 0.019110
S14 0.018980
S11 0.018890
S1 0.018880
S4 0.018480
j: 111 0.373889
BULL 0.613830
S13 0.019880
S11 0.019830
S4 0.019730
S19 0.019610
S3 0.019590
S1 0.019590
S18 0.019460
S14 0.019390
S12 0.019370
S17 0.019360
S7 0.019240
S8 0.019210
S2 0.019210
S10 0.019190
S9 0.019170
S16 0.019110
S20 0.018980
S5 0.018890
S6 0.018880
S15 0.018480
j: 112 0.391238
BULL 0.613830
S17 0.019880
S20 0.019830
S2 0.019730
S14 0.019610
S11 0.019590
S10 0.019590
S15 0.019460
S1 0.019390
S4 0.019370
S8 0.019360
S9 0.019240
S5 0.019210
S16 0.019210
S19 0.019190
S18 0.019170
S12 0.019110
S6 0.018980
S13 0.018890
S3 0.018880
S7 0.018480
j: 113 0.380246
BULL 0.613830
S13 0.019880
S16 0.019830
S6 0.019730
S9 0.019610
S15 0.019590
S12 0.019590
S10 0.019460
S7 0.019390
S3 0.019370
S5 0.019360
S14 0.019240
S8 0.019210
S20 0.019210
S18 0.019190
S19 0.019170
S11 0.019110
S2 0.018980
S17 0.018890
S4 0.018880
S1 0.018480
j: 114 0.369835
BULL 0.613290
S10 0.020120
S14 0.020060
S9 0.019880
S16 0.019880
S15 0.019830
S13 0.019730
S19 0.019660
S18 0.019650
S4 0.019490
S3 0.019370
S8 0.019350
S5 0.019220
S6 0.019200
S17 0.019200
S11 0.018990
S20 0.018960
S7 0.018860
S2 0.018820
S12 0.018260
S1 0.018180
j: 115 0.356293
BULL 0.613830
S16 0.019880
S18 0.019830
S8 0.019730
S10 0.019610
S15 0.019590
S14 0.019590
S11 0.019460
S1 0.019390
S5 0.019370
S2 0.019360
S6 0.019240
S4 0.019210
S17 0.019210
S19 0.019190
S20 0.019170
S13 0.019110
S9 0.018980
S12 0.018890
S7 0.018880
S3 0.018480
j: 116 0.366918
BULL 0.613290
S12 0.020120
S2 0.020060
S19 0.019880
S15 0.019880
S9 0.019830
S20 0.019730
S16 0.019660
S18 0.019650
S1 0.019490
S8 0.019370
S3 0.019350
S6 0.019220
S5 0.019200
S11 0.019200
S17 0.018990
S13 0.018960
S7 0.018860
S14 0.018820
S10 0.018260
S4 0.018180
j: 117 0.358672
BULL 0.601540
S17 0.030900
S2 0.030430
S3 0.030000
S15 0.027710
S19 0.027550
S10 0.024730
S7 0.023750
S6 0.021820
S16 0.021100
S13 0.019320
S8 0.018290
S4 0.016660
S18 0.015380
S11 0.014830
S14 0.014120
S1 0.012930
S9 0.012880
S20 0.012270
S5 0.012060
S12 0.011730
j: 118 0.361547
BULL 0.613830
S20 0.019880
S17 0.019830
S1 0.019730
S16 0.019610
S8 0.019590
S4 0.019590
S18 0.019460
S2 0.019390
S10 0.019370
S11 0.019360
S7 0.019240
S3 0.019210
S14 0.019210
S12 0.019190
S15 0.019170
S19 0.019110
S13 0.018980
S6 0.018890
S5 0.018880
S9 0.018480
j: 119 0.365704
S19 0.420980
T19 0.339000
S3 0.064090
S7 0.063090
T3 0.056700
T7 0.055330
j: 120 0.363215
S20 0.420980
T20 0.339000
S5 0.064090
S1 0.063090
T5 0.056700
T1 0.055330
j: 121 0.273760
S19 0.336360
T19 0.296250
S7 0.174430
T7 0.155360
S3 0.017640
T3 0.015770
T16 0.001890
S16 0.001700
j: 122 0.278039
S18 0.390610
T18 0.346250
S4 0.085310
T4 0.075040
S1 0.054280
T1 0.047300
j: 123 0.288036
S19 0.390610
T19 0.346250
S3 0.085310
T3 0.075040
S7 0.054280
T7 0.047300
j: 124 0.264764
S20 0.420980
T20 0.339000
S5 0.064090
S1 0.063090
T5 0.056700
T1 0.055330
j: 125 0.246909
S20 0.371200
T20 0.329890
S5 0.126120
T5 0.110680
S1 0.031920
T1 0.028170
j: 126 0.272562
S19 0.420980
T19 0.339000
S3 0.064090
S7 0.063090
T3 0.056700
T7 0.055330
j: 127 0.262043
S20 0.420980
T20 0.339000
S5 0.064090
S1 0.063090
T5 0.056700
T1 0.055330
j: 128 0.226432
S20 0.394890
T20 0.346170
S5 0.068320
S1 0.067920
T5 0.060870
T1 0.060770
j: 129 0.216193
S19 0.420980
T19 0.339000
S3 0.064090
S7 0.063090
T3 0.056700
T7 0.055330
j: 130 0.264717
S20 0.420980
T20 0.339000
S5 0.064090
S1 0.063090
T5 0.056700
T1 0.055330
j: 131 0.163175
S20 0.420980
T20 0.339000
S5 0.064090
S1 0.063090
T5 0.056700
T1 0.055330
j: 132 0.172807
BULL 0.613830
S12 0.019880
S15 0.019830
S5 0.019730
S19 0.019610
S7 0.019590
S1 0.019590
S20 0.019460
S10 0.019390
S13 0.019370
S16 0.019360
S3 0.019240
S8 0.019210
S2 0.019210
S14 0.019190
S6 0.019170
S17 0.019110
S18 0.018980
S4 0.018890
S9 0.018880
S11 0.018480
j: 133 0.159902
S19 0.420980
T19 0.339000
S3 0.064090
S7 0.063090
T3 0.056700
T7 0.055330
j: 134 0.198071
D17 0.427380
S17 0.308790
D3 0.016130
D2 0.015650
S3 0.014680
S2 0.014270
j: 135 0.149422
S15 0.390610
T15 0.346250
S10 0.085310
T10 0.075040
S2 0.054280
T2 0.047300
j: 136 0.170485
BULL 0.613830
S16 0.019880
S13 0.019830
S7 0.019730
S20 0.019610
S5 0.019590
S3 0.019590
S19 0.019460
S6 0.019390
S15 0.019370
S12 0.019360
S1 0.019240
S9 0.019210
S4 0.019210
S11 0.019190
S10 0.019170
S18 0.019110
S17 0.018980
S2 0.018890
S8 0.018880
S14 0.018480
j: 137 0.151896
S20 0.420980
T20 0.339000
S5 0.064090
S1 0.063090
T5 0.056700
T1 0.055330
j: 138 0.168143
BULL 0.613830
S18 0.019880
S16 0.019830
S1 0.019730
S17 0.019610
S5 0.019590
S2 0.019590
S20 0.019460
S8 0.019390
S14 0.019370
S15 0.019360
S3 0.019240
S7 0.019210
S10 0.019210
S13 0.019190
S11 0.019170
S19 0.019110
S12 0.018980
S9 0.018890
S4 0.018880
S6 0.018480
j: 139 0.142114
S19 0.420980
T19 0.339000
S3 0.064090
S7 0.063090
T3 0.056700
T7 0.055330
j: 140 0.198081
D20 0.427380
S20 0.308790
D1 0.016130
D5 0.015650
S1 0.014680
S5 0.014270
j: 141 0.102958
S19 0.384240
T19 0.339980
S7 0.104170
T7 0.092140
S3 0.041660
T3 0.036150
j: 142 0.130467
S14 0.390610
T14 0.346250
S11 0.085310
T11 0.075040
S9 0.054280
T9 0.047300
j: 143 0.097185
S11 0.260340
S14 0.257350
T14 0.228800
T11 0.228460
S9 0.006950
S8 0.006910
T9 0.005560
T8 0.005550
j: 144 0.093623
S20 0.390610
T20 0.346250
S1 0.085310
T1 0.075040
S5 0.054280
T5 0.047300
j: 145 0.130519
S15 0.390610
T15 0.346250
S2 0.085310
T2 0.075040
S10 0.054280
T10 0.047300
j: 146 0.093609
S20 0.390610
T20 0.346250
S5 0.085310
T5 0.075040
S1 0.054280
T1 0.047300
j: 147 0.093576
S19 0.390610
T19 0.346250
S3 0.085310
T3 0.075040
S7 0.054280
T7 0.047300
j: 148 0.130519
S16 0.390610
T16 0.346250
S7 0.085310
T7 0.075040
S8 0.054280
T8 0.047300
j: 149 0.073696
S19 0.390610
T19 0.346250
S3 0.085310
T3 0.075040
S7 0.054280
T7 0.047300
j: 150 0.231283
BULL 0.613830
S1 0.019880
S7 0.019830
S20 0.019730
S2 0.019610
S15 0.019590
S12 0.019590
S5 0.019460
S16 0.019390
S11 0.019370
S10 0.019360
S17 0.019240
S6 0.019210
S19 0.019210
S4 0.019190
S8 0.019170
S3 0.019110
S9 0.018980
S14 0.018890
S18 0.018880
S13 0.018480
j: 151 0.130521
S17 0.390610
T17 0.346250
S3 0.085310
T3 0.075040
S2 0.054280
T2 0.047300
j: 152 0.073696
S19 0.390610
T19 0.346250
S3 0.085310
T3 0.075040
S7 0.054280
T7 0.047300
j: 153 0.054878
S20 0.390610
T20 0.346250
S1 0.085310
T1 0.075040
S5 0.054280
T5 0.047300
j: 154 0.130519
S18 0.390610
T18 0.346250
S1 0.085310
T1 0.075040
S4 0.054280
T4 0.047300
j: 155 0.073696
S19 0.390610
T19 0.346250
S3 0.085310
T3 0.075040
S7 0.054280
T7 0.047300
j: 156 0.052858
S20 0.390610
T20 0.346250
S1 0.085310
T1 0.075040
S5 0.054280
T5 0.047300
j: 157 0.130463
BULL 0.613830
S11 0.019880
S10 0.019830
S8 0.019730
S18 0.019610
S7 0.019590
S1 0.019590
S16 0.019460
S15 0.019390
S17 0.019370
S20 0.019360
S4 0.019240
S6 0.019210
S5 0.019210
S9 0.019190
S2 0.019170
S13 0.019110
S19 0.018980
S3 0.018890
S14 0.018880
S12 0.018480
j: 158 0.073696
S19 0.390610
T19 0.346250
S3 0.085310
T3 0.075040
S7 0.054280
T7 0.047300
j: 159 0.041627
S17 0.390610
T17 0.346250
S3 0.085310
T3 0.075040
S2 0.054280
T2 0.047300
j: 160 0.130465
S20 0.390610
T20 0.346250
S5 0.085310
T5 0.075040
S1 0.054280
T1 0.047300
j: 161 0.073670
S18 0.390610
T18 0.346250
S1 0.085310
T1 0.075040
S4 0.054280
T4 0.047300
j: 162 0.041627
S19 0.390610
T19 0.346250
S3 0.085310
T3 0.075040
S7 0.054280
T7 0.047300
j: 164 0.073670
S18 0.390610
T18 0.346250
S1 0.085310
T1 0.075040
S4 0.054280
T4 0.047300
j: 165 0.041627
S19 0.390610
T19 0.346250
S3 0.085310
T3 0.075040
S7 0.054280
T7 0.047300
j: 167 0.073592
BULL 0.613830
S2 0.019880
S9 0.019830
S17 0.019730
S1 0.019610
S19 0.019590
S18 0.019590
S3 0.019460
S14 0.019390
S8 0.019370
S4 0.019360
S20 0.019240
S13 0.019210
S12 0.019210
S10 0.019190
S11 0.019170
S5 0.019110
S7 0.018980
S16 0.018890
S15 0.018880
S6 0.018480
j: 168 0.041614
S20 0.390610
T20 0.346250
S1 0.085310
T1 0.075040
S5 0.054280
T5 0.047300
j: 170 0.073592
BULL 0.613830
S2 0.019880
S9 0.019830
S17 0.019730
S1 0.019610
S19 0.019590
S18 0.019590
S3 0.019460
S14 0.019390
S8 0.019370
S4 0.019360
S20 0.019240
S13 0.019210
S12 0.019210
S10 0.019190
S11 0.019170
S5 0.019110
S7 0.018980
S16 0.018890
S15 0.018880
S6 0.018480
j: 171 0.041600
S19 0.390610
T19 0.346250
S3 0.085310
T3 0.075040
S7 0.054280
T7 0.047300
j: 174 0.041600
S20 0.390610
T20 0.346250
S1 0.085310
T1 0.075040
S5 0.054280
T5 0.047300
j: 177 0.041512
S19 0.390610
T19 0.346250
S3 0.085310
T3 0.075040
S7 0.054280
T7 0.047300
j: 180 0.041512
S20 0.390610
T20 0.346250
S5 0.085310
T5 0.075040
S1 0.054280
T1 0.047300
42.714868[s]
